[2022-12-27 10:03:19] [INFO] Starting target gene AATF:
[2022-12-27 10:03:20] [INFO] 	 Starting Gene Silencing Series ENCSR634FMS (cell line = HepG2):
[2022-12-27 10:03:21] [INFO] 		 Starting experiment ENCSR424YSV (type = case).
[2022-12-27 10:03:22] [INFO] 		 Starting experiment ENCSR003EKR (type = control).
[2022-12-27 10:03:22] [INFO] 	 Starting Gene Silencing Series ENCSR146UCW (cell line = K562):
[2022-12-27 10:03:24] [INFO] 		 Starting experiment ENCSR973QSV (type = case).
[2022-12-27 10:03:24] [INFO] 		 Starting experiment ENCSR815CVQ (type = control).
[2022-12-27 10:03:24] [INFO] Starting target gene ABCF1:
[2022-12-27 10:03:24] [INFO] 	 Starting Gene Silencing Series ENCSR266ZIC (cell line = HepG2):
[2022-12-27 10:03:26] [INFO] 		 Starting experiment ENCSR610VTA (type = case).
[2022-12-27 10:03:26] [INFO] 		 Starting experiment ENCSR067GHD (type = control).
[2022-12-27 10:03:26] [INFO] 	 Starting Gene Silencing Series ENCSR242RKD (cell line = K562):
[2022-12-27 10:03:28] [INFO] 		 Starting experiment ENCSR721MXZ (type = case).
[2022-12-27 10:03:28] [INFO] 		 Starting experiment ENCSR032YMP (type = control).
[2022-12-27 10:03:29] [INFO] Starting target gene ABT1:
[2022-12-27 10:03:29] [INFO] 	 Starting Gene Silencing Series ENCSR456IPG (cell line = HepG2):
[2022-12-27 10:03:29] [INFO] 		 Starting experiment ENCSR756VLW (type = case).
[2022-12-27 10:03:30] [INFO] 		 Starting experiment ENCSR225PRV (type = control).
[2022-12-27 10:03:30] [INFO] 	 Starting Gene Silencing Series ENCSR954JGH (cell line = K562):
[2022-12-27 10:03:31] [INFO] 		 Starting experiment ENCSR233UVM (type = case).
[2022-12-27 10:03:31] [INFO] 		 Starting experiment ENCSR260BQC (type = control).
[2022-12-27 10:03:31] [INFO] Starting target gene ADAR:
[2022-12-27 10:03:31] [INFO] 	 Starting Gene Silencing Series ENCSR553SDV (cell line = HepG2):
[2022-12-27 10:03:33] [INFO] 		 Starting experiment ENCSR104OLN (type = case).
[2022-12-27 10:03:33] [INFO] 		 Starting experiment ENCSR305XWT (type = control).
[2022-12-27 10:03:34] [INFO] 	 Starting Gene Silencing Series ENCSR415ETS (cell line = K562):
[2022-12-27 10:03:35] [INFO] 		 Starting experiment ENCSR164TLB (type = case).
[2022-12-27 10:03:35] [INFO] 		 Starting experiment ENCSR667PLJ (type = control).
[2022-12-27 10:03:36] [INFO] Starting target gene AGO1:
[2022-12-27 10:03:36] [INFO] 	 Starting Gene Silencing Series ENCSR213SDO (cell line = HepG2):
[2022-12-27 10:03:37] [INFO] 		 Starting experiment ENCSR533HXS (type = case).
[2022-12-27 10:03:37] [INFO] 		 Starting experiment ENCSR003EKR (type = control).
[2022-12-27 10:03:38] [INFO] 	 Starting Gene Silencing Series ENCSR821NVF (cell line = K562):
[2022-12-27 10:03:39] [INFO] 		 Starting experiment ENCSR268JDD (type = case).
[2022-12-27 10:03:39] [INFO] 		 Starting experiment ENCSR084SCN (type = control).
[2022-12-27 10:03:40] [INFO] Starting target gene AKAP1:
[2022-12-27 10:03:40] [INFO] 	 Starting Gene Silencing Series ENCSR220SFY (cell line = HepG2):
[2022-12-27 10:03:41] [INFO] 		 Starting experiment ENCSR016IDR (type = case).
[2022-12-27 10:03:42] [INFO] 		 Starting experiment ENCSR237YZT (type = control).
[2022-12-27 10:03:42] [INFO] 	 Starting Gene Silencing Series ENCSR533CRH (cell line = K562):
[2022-12-27 10:03:43] [INFO] 		 Starting experiment ENCSR338CON (type = case).
[2022-12-27 10:03:44] [INFO] 		 Starting experiment ENCSR913CAE (type = control).
[2022-12-27 10:03:44] [INFO] Starting target gene APOBEC3C:
[2022-12-27 10:03:44] [INFO] 	 Starting Gene Silencing Series ENCSR153LWS (cell line = HepG2):
[2022-12-27 10:03:45] [INFO] 		 Starting experiment ENCSR012DAF (type = case).
[2022-12-27 10:03:46] [INFO] 		 Starting experiment ENCSR279HMU (type = control).
[2022-12-27 10:03:46] [INFO] 	 Starting Gene Silencing Series ENCSR628KJM (cell line = K562):
[2022-12-27 10:03:47] [INFO] 		 Starting experiment ENCSR963RLK (type = case).
[2022-12-27 10:03:48] [INFO] 		 Starting experiment ENCSR620PUP (type = control).
[2022-12-27 10:03:48] [INFO] Starting target gene AQR:
[2022-12-27 10:03:48] [INFO] 	 Starting Gene Silencing Series ENCSR354MEA (cell line = HepG2):
[2022-12-27 10:03:49] [INFO] 		 Starting experiment ENCSR431SXF (type = case).
[2022-12-27 10:03:49] [INFO] 		 Starting experiment ENCSR225PRV (type = control).
[2022-12-27 10:03:49] [INFO] 	 Starting Gene Silencing Series ENCSR458PUT (cell line = K562):
[2022-12-27 10:03:51] [INFO] 		 Starting experiment ENCSR624OUI (type = case).
[2022-12-27 10:03:51] [INFO] 		 Starting experiment ENCSR718EWL (type = control).
[2022-12-27 10:03:51] [INFO] Starting target gene ATP5C1:
[2022-12-27 10:03:51] [INFO] 	 Starting Gene Silencing Series ENCSR405FAO (cell line = HepG2):
[2022-12-27 10:03:53] [INFO] 		 Starting experiment ENCSR713OLV (type = case).
[2022-12-27 10:03:53] [INFO] 		 Starting experiment ENCSR067GHD (type = control).
[2022-12-27 10:03:54] [INFO] 	 Starting Gene Silencing Series ENCSR945FQQ (cell line = K562):
[2022-12-27 10:03:55] [INFO] 		 Starting experiment ENCSR231DXJ (type = case).
[2022-12-27 10:03:56] [INFO] 		 Starting experiment ENCSR143COQ (type = control).
[2022-12-27 10:03:56] [INFO] Starting target gene AUH:
[2022-12-27 10:03:56] [INFO] 	 Starting Gene Silencing Series ENCSR828YUV (cell line = HepG2):
[2022-12-27 10:03:57] [INFO] 		 Starting experiment ENCSR409CSO (type = case).
[2022-12-27 10:03:58] [INFO] 		 Starting experiment ENCSR997HCQ (type = control).
[2022-12-27 10:03:58] [INFO] 	 Starting Gene Silencing Series ENCSR805AKV (cell line = K562):
[2022-12-27 10:03:59] [INFO] 		 Starting experiment ENCSR395FYF (type = case).
[2022-12-27 10:04:00] [INFO] 		 Starting experiment ENCSR718EWL (type = control).
[2022-12-27 10:04:00] [INFO] Starting target gene BCCIP:
[2022-12-27 10:04:00] [INFO] 	 Starting Gene Silencing Series ENCSR459URX (cell line = HepG2):
[2022-12-27 10:04:02] [INFO] 		 Starting experiment ENCSR570CWH (type = case).
[2022-12-27 10:04:02] [INFO] 		 Starting experiment ENCSR856ZRV (type = control).
[2022-12-27 10:04:02] [INFO] 	 Starting Gene Silencing Series ENCSR566QET (cell line = K562):
[2022-12-27 10:04:04] [INFO] 		 Starting experiment ENCSR606QIX (type = case).
[2022-12-27 10:04:04] [INFO] 		 Starting experiment ENCSR245BNJ (type = control).
[2022-12-27 10:04:04] [INFO] Starting target gene BOP1:
[2022-12-27 10:04:04] [INFO] 	 Starting Gene Silencing Series ENCSR738DNW (cell line = HepG2):
[2022-12-27 10:04:06] [INFO] 		 Starting experiment ENCSR925SYZ (type = case).
[2022-12-27 10:04:06] [INFO] 		 Starting experiment ENCSR264TUE (type = control).
[2022-12-27 10:04:06] [INFO] 	 Starting Gene Silencing Series ENCSR894YKS (cell line = K562):
[2022-12-27 10:04:08] [INFO] 		 Starting experiment ENCSR775TMW (type = case).
[2022-12-27 10:04:08] [INFO] 		 Starting experiment ENCSR424QCW (type = control).
[2022-12-27 10:04:09] [INFO] Starting target gene BUD13:
[2022-12-27 10:04:09] [INFO] 	 Starting Gene Silencing Series ENCSR662ZKE (cell line = HepG2):
[2022-12-27 10:04:10] [INFO] 		 Starting experiment ENCSR382QKD (type = case).
[2022-12-27 10:04:10] [INFO] 		 Starting experiment ENCSR067GHD (type = control).
[2022-12-27 10:04:10] [INFO] 	 Starting Gene Silencing Series ENCSR136SIX (cell line = K562):
[2022-12-27 10:04:12] [INFO] 		 Starting experiment ENCSR267RHP (type = case).
[2022-12-27 10:04:12] [INFO] 		 Starting experiment ENCSR032YMP (type = control).
[2022-12-27 10:04:12] [INFO] Starting target gene CCAR2:
[2022-12-27 10:04:13] [INFO] 	 Starting Gene Silencing Series ENCSR595RGO (cell line = HepG2):
[2022-12-27 10:04:14] [INFO] 		 Starting experiment ENCSR237IWZ (type = case).
[2022-12-27 10:04:14] [INFO] 		 Starting experiment ENCSR674KEK (type = control).
[2022-12-27 10:04:15] [INFO] 	 Starting Gene Silencing Series ENCSR158YIO (cell line = K562):
[2022-12-27 10:04:16] [INFO] 		 Starting experiment ENCSR984CLJ (type = case).
[2022-12-27 10:04:16] [INFO] 		 Starting experiment ENCSR620PUP (type = control).
[2022-12-27 10:04:17] [INFO] Starting target gene CELF1:
[2022-12-27 10:04:17] [INFO] 	 Starting Gene Silencing Series ENCSR955ACR (cell line = HepG2):
[2022-12-27 10:04:18] [INFO] 		 Starting experiment ENCSR695XOD (type = case).
[2022-12-27 10:04:18] [INFO] 		 Starting experiment ENCSR042QTH (type = control).
[2022-12-27 10:04:19] [INFO] 	 Starting Gene Silencing Series ENCSR203XSC (cell line = K562):
[2022-12-27 10:04:20] [INFO] 		 Starting experiment ENCSR605MFS (type = case).
[2022-12-27 10:04:20] [INFO] 		 Starting experiment ENCSR620PUP (type = control).
[2022-12-27 10:04:21] [INFO] 	 Starting Gene Silencing Series ENCSR624FPZ (cell line = K562):
[2022-12-27 10:04:22] [INFO] 		 Starting experiment ENCSR351CNN (type = case).
[2022-12-27 10:04:22] [INFO] 		 Starting experiment ENCSR081EST (type = control).
[2022-12-27 10:04:22] [INFO] Starting target gene CKAP4:
[2022-12-27 10:04:22] [INFO] 	 Starting Gene Silencing Series ENCSR707MIU (cell line = HepG2):
[2022-12-27 10:04:24] [INFO] 		 Starting experiment ENCSR269SJB (type = case).
[2022-12-27 10:04:24] [INFO] 		 Starting experiment ENCSR538QOG (type = control).
[2022-12-27 10:04:24] [INFO] 	 Starting Gene Silencing Series ENCSR912NSR (cell line = K562):
[2022-12-27 10:04:25] [INFO] 		 Starting experiment ENCSR940GIC (type = case).
[2022-12-27 10:04:26] [INFO] 		 Starting experiment ENCSR898ABR (type = control).
[2022-12-27 10:04:26] [INFO] Starting target gene CPSF6:
[2022-12-27 10:04:26] [INFO] 	 Starting Gene Silencing Series ENCSR109KPD (cell line = HepG2):
[2022-12-27 10:04:27] [INFO] 		 Starting experiment ENCSR676EKU (type = case).
[2022-12-27 10:04:28] [INFO] 		 Starting experiment ENCSR264TUE (type = control).
[2022-12-27 10:04:28] [INFO] 	 Starting Gene Silencing Series ENCSR232HNS (cell line = K562):
[2022-12-27 10:04:30] [INFO] 		 Starting experiment ENCSR384BDV (type = case).
[2022-12-27 10:04:30] [INFO] 		 Starting experiment ENCSR424QCW (type = control).
[2022-12-27 10:04:30] [INFO] Starting target gene CPSF7:
[2022-12-27 10:04:30] [INFO] 	 Starting Gene Silencing Series ENCSR631XJU (cell line = HepG2):
[2022-12-27 10:04:32] [INFO] 		 Starting experiment ENCSR594DNW (type = case).
[2022-12-27 10:04:32] [INFO] 		 Starting experiment ENCSR067GHD (type = control).
[2022-12-27 10:04:32] [INFO] 	 Starting Gene Silencing Series ENCSR664RDU (cell line = K562):
[2022-12-27 10:04:34] [INFO] 		 Starting experiment ENCSR222LRL (type = case).
[2022-12-27 10:04:34] [INFO] 		 Starting experiment ENCSR667PLJ (type = control).
[2022-12-27 10:04:34] [INFO] Starting target gene CSTF2:
[2022-12-27 10:04:34] [INFO] 	 Starting Gene Silencing Series ENCSR769MTC (cell line = HepG2):
[2022-12-27 10:04:36] [INFO] 		 Starting experiment ENCSR815JDY (type = case).
[2022-12-27 10:04:36] [INFO] 		 Starting experiment ENCSR856ZRV (type = control).
[2022-12-27 10:04:36] [INFO] 	 Starting Gene Silencing Series ENCSR429KKD (cell line = K562):
[2022-12-27 10:04:38] [INFO] 		 Starting experiment ENCSR885YOI (type = case).
[2022-12-27 10:04:38] [INFO] 		 Starting experiment ENCSR245BNJ (type = control).
[2022-12-27 10:04:38] [INFO] Starting target gene CSTF2T:
[2022-12-27 10:04:38] [INFO] 	 Starting Gene Silencing Series ENCSR202YZX (cell line = HepG2):
[2022-12-27 10:04:40] [INFO] 		 Starting experiment ENCSR914WQV (type = case).
[2022-12-27 10:04:40] [INFO] 		 Starting experiment ENCSR003EKR (type = control).
[2022-12-27 10:04:40] [INFO] 	 Starting Gene Silencing Series ENCSR093BFT (cell line = K562):
[2022-12-27 10:04:42] [INFO] 		 Starting experiment ENCSR286OKW (type = case).
[2022-12-27 10:04:42] [INFO] 		 Starting experiment ENCSR815CVQ (type = control).
[2022-12-27 10:04:42] [INFO] Starting target gene DAZAP1:
[2022-12-27 10:04:42] [INFO] 	 Starting Gene Silencing Series ENCSR736EJC (cell line = HepG2):
[2022-12-27 10:04:44] [INFO] 		 Starting experiment ENCSR220TBR (type = case).
[2022-12-27 10:04:44] [INFO] 		 Starting experiment ENCSR042QTH (type = control).
[2022-12-27 10:04:45] [INFO] 	 Starting Gene Silencing Series ENCSR085PFY (cell line = K562):
[2022-12-27 10:04:46] [INFO] 		 Starting experiment ENCSR907UTB (type = case).
[2022-12-27 10:04:46] [INFO] 		 Starting experiment ENCSR815CVQ (type = control).
[2022-12-27 10:04:47] [INFO] Starting target gene DDX1:
[2022-12-27 10:04:47] [INFO] 	 Starting Gene Silencing Series ENCSR357ZAI (cell line = HepG2):
[2022-12-27 10:04:49] [INFO] 		 Starting experiment ENCSR070LJO (type = case).
[2022-12-27 10:04:49] [INFO] 		 Starting experiment ENCSR305XWT (type = control).
[2022-12-27 10:04:49] [INFO] 	 Starting Gene Silencing Series ENCSR181LUC (cell line = K562):
[2022-12-27 10:04:51] [INFO] 		 Starting experiment ENCSR208GPE (type = case).
[2022-12-27 10:04:51] [INFO] 		 Starting experiment ENCSR667PLJ (type = control).
[2022-12-27 10:04:51] [INFO] Starting target gene DDX19B:
[2022-12-27 10:04:52] [INFO] 	 Starting Gene Silencing Series ENCSR104QWZ (cell line = HepG2):
[2022-12-27 10:04:53] [INFO] 		 Starting experiment ENCSR312SFA (type = case).
[2022-12-27 10:04:54] [INFO] 		 Starting experiment ENCSR538QOG (type = control).
[2022-12-27 10:04:54] [INFO] 	 Starting Gene Silencing Series ENCSR240WZF (cell line = K562):
[2022-12-27 10:04:55] [INFO] 		 Starting experiment ENCSR281IUF (type = case).
[2022-12-27 10:04:55] [INFO] 		 Starting experiment ENCSR143COQ (type = control).
[2022-12-27 10:04:56] [INFO] Starting target gene DDX24:
[2022-12-27 10:04:56] [INFO] 	 Starting Gene Silencing Series ENCSR691YZD (cell line = HepG2):
[2022-12-27 10:04:57] [INFO] 		 Starting experiment ENCSR300IEW (type = case).
[2022-12-27 10:04:57] [INFO] 		 Starting experiment ENCSR003EKR (type = control).
[2022-12-27 10:04:58] [INFO] 	 Starting Gene Silencing Series ENCSR684FWZ (cell line = K562):
[2022-12-27 10:05:00] [INFO] 		 Starting experiment ENCSR067LLB (type = case).
[2022-12-27 10:05:00] [INFO] 		 Starting experiment ENCSR913CAE (type = control).
[2022-12-27 10:05:00] [INFO] Starting target gene DDX27:
[2022-12-27 10:05:00] [INFO] 	 Starting Gene Silencing Series ENCSR377KWX (cell line = HepG2):
[2022-12-27 10:05:07] [INFO] 		 Starting experiment ENCSR210RWL (type = case).
[2022-12-27 10:05:07] [INFO] 		 Starting experiment ENCSR856ZRV (type = control).
[2022-12-27 10:05:08] [INFO] 	 Starting Gene Silencing Series ENCSR201NFZ (cell line = K562):
[2022-12-27 10:05:09] [INFO] 		 Starting experiment ENCSR584LDM (type = case).
[2022-12-27 10:05:09] [INFO] 		 Starting experiment ENCSR245BNJ (type = control).
[2022-12-27 10:05:10] [INFO] Starting target gene DDX28:
[2022-12-27 10:05:10] [INFO] 	 Starting Gene Silencing Series ENCSR040HJW (cell line = HepG2):
[2022-12-27 10:05:11] [INFO] 		 Starting experiment ENCSR222CSF (type = case).
[2022-12-27 10:05:11] [INFO] 		 Starting experiment ENCSR856ZRV (type = control).
[2022-12-27 10:05:12] [INFO] 	 Starting Gene Silencing Series ENCSR683QAI (cell line = K562):
[2022-12-27 10:05:13] [INFO] 		 Starting experiment ENCSR205VSQ (type = case).
[2022-12-27 10:05:13] [INFO] 		 Starting experiment ENCSR661HEL (type = control).
[2022-12-27 10:05:14] [INFO] Starting target gene DDX3X:
[2022-12-27 10:05:14] [INFO] 	 Starting Gene Silencing Series ENCSR279BOZ (cell line = HepG2):
[2022-12-27 10:05:15] [INFO] 		 Starting experiment ENCSR637JLM (type = case).
[2022-12-27 10:05:15] [INFO] 		 Starting experiment ENCSR237YZT (type = control).
[2022-12-27 10:05:16] [INFO] 	 Starting Gene Silencing Series ENCSR782XRW (cell line = K562):
[2022-12-27 10:05:17] [INFO] 		 Starting experiment ENCSR000KYM (type = case).
[2022-12-27 10:05:17] [INFO] 		 Starting experiment ENCSR913CAE (type = control).
[2022-12-27 10:05:18] [INFO] Starting target gene DDX47:
[2022-12-27 10:05:18] [INFO] 	 Starting Gene Silencing Series ENCSR891MRP (cell line = HepG2):
[2022-12-27 10:05:19] [INFO] 		 Starting experiment ENCSR388CNS (type = case).
[2022-12-27 10:05:20] [INFO] 		 Starting experiment ENCSR968BBQ (type = control).
[2022-12-27 10:05:20] [INFO] 	 Starting Gene Silencing Series ENCSR253WFB (cell line = K562):
[2022-12-27 10:05:21] [INFO] 		 Starting experiment ENCSR155EZL (type = case).
[2022-12-27 10:05:22] [INFO] 		 Starting experiment ENCSR031RRO (type = control).
[2022-12-27 10:05:22] [INFO] 	 Starting Gene Silencing Series ENCSR998CWN (cell line = K562):
[2022-12-27 10:05:24] [INFO] 		 Starting experiment ENCSR334HNJ (type = case).
[2022-12-27 10:05:24] [INFO] 		 Starting experiment ENCSR898NWE (type = control).
[2022-12-27 10:05:24] [INFO] Starting target gene DDX52:
[2022-12-27 10:05:24] [INFO] 	 Starting Gene Silencing Series ENCSR544DKQ (cell line = HepG2):
[2022-12-27 10:05:25] [INFO] 		 Starting experiment ENCSR913ZWR (type = case).
[2022-12-27 10:05:26] [INFO] 		 Starting experiment ENCSR689PHN (type = control).
[2022-12-27 10:05:26] [INFO] 	 Starting Gene Silencing Series ENCSR040OWU (cell line = K562):
[2022-12-27 10:05:27] [INFO] 		 Starting experiment ENCSR560RSZ (type = case).
[2022-12-27 10:05:27] [INFO] 		 Starting experiment ENCSR661HEL (type = control).
[2022-12-27 10:05:28] [INFO] Starting target gene DDX55:
[2022-12-27 10:05:28] [INFO] 	 Starting Gene Silencing Series ENCSR145BKW (cell line = HepG2):
[2022-12-27 10:05:29] [INFO] 		 Starting experiment ENCSR964YTW (type = case).
[2022-12-27 10:05:30] [INFO] 		 Starting experiment ENCSR856ZRV (type = control).
[2022-12-27 10:05:30] [INFO] 	 Starting Gene Silencing Series ENCSR782WSH (cell line = K562):
[2022-12-27 10:05:32] [INFO] 		 Starting experiment ENCSR856CJK (type = case).
[2022-12-27 10:05:32] [INFO] 		 Starting experiment ENCSR572FFX (type = control).
[2022-12-27 10:05:32] [INFO] Starting target gene DHX30:
[2022-12-27 10:05:32] [INFO] 	 Starting Gene Silencing Series ENCSR769TJS (cell line = HepG2):
[2022-12-27 10:05:34] [INFO] 		 Starting experiment ENCSR853PBF (type = case).
[2022-12-27 10:05:34] [INFO] 		 Starting experiment ENCSR305XWT (type = control).
[2022-12-27 10:05:34] [INFO] 	 Starting Gene Silencing Series ENCSR209YSW (cell line = K562):
[2022-12-27 10:05:36] [INFO] 		 Starting experiment ENCSR345VVZ (type = case).
[2022-12-27 10:05:36] [INFO] 		 Starting experiment ENCSR667PLJ (type = control).
[2022-12-27 10:05:36] [INFO] Starting target gene DKC1:
[2022-12-27 10:05:36] [INFO] 	 Starting Gene Silencing Series ENCSR502RXV (cell line = HepG2):
[2022-12-27 10:05:38] [INFO] 		 Starting experiment ENCSR118KUN (type = case).
[2022-12-27 10:05:38] [INFO] 		 Starting experiment ENCSR538QOG (type = control).
[2022-12-27 10:05:39] [INFO] 	 Starting Gene Silencing Series ENCSR329ZWP (cell line = K562):
[2022-12-27 10:05:41] [INFO] 		 Starting experiment ENCSR494UDF (type = case).
[2022-12-27 10:05:41] [INFO] 		 Starting experiment ENCSR143COQ (type = control).
[2022-12-27 10:05:41] [INFO] Starting target gene DNAJC21:
[2022-12-27 10:05:41] [INFO] 	 Starting Gene Silencing Series ENCSR855FGM (cell line = HepG2):
[2022-12-27 10:05:43] [INFO] 		 Starting experiment ENCSR385KOY (type = case).
[2022-12-27 10:05:43] [INFO] 		 Starting experiment ENCSR305XWT (type = control).
[2022-12-27 10:05:43] [INFO] 	 Starting Gene Silencing Series ENCSR569UZZ (cell line = K562):
[2022-12-27 10:05:45] [INFO] 		 Starting experiment ENCSR079LMZ (type = case).
[2022-12-27 10:05:45] [INFO] 		 Starting experiment ENCSR667PLJ (type = control).
[2022-12-27 10:05:46] [INFO] Starting target gene EEF2:
[2022-12-27 10:05:46] [INFO] 	 Starting Gene Silencing Series ENCSR471OBZ (cell line = HepG2):
[2022-12-27 10:05:47] [INFO] 		 Starting experiment ENCSR477TRX (type = case).
[2022-12-27 10:05:48] [INFO] 		 Starting experiment ENCSR689PHN (type = control).
[2022-12-27 10:05:48] [INFO] 	 Starting Gene Silencing Series ENCSR396EPO (cell line = K562):
[2022-12-27 10:05:50] [INFO] 		 Starting experiment ENCSR181RLB (type = case).
[2022-12-27 10:05:50] [INFO] 		 Starting experiment ENCSR661HEL (type = control).
[2022-12-27 10:05:50] [INFO] Starting target gene EFTUD2:
[2022-12-27 10:05:50] [INFO] 	 Starting Gene Silencing Series ENCSR669NXJ (cell line = HepG2):
[2022-12-27 10:05:52] [INFO] 		 Starting experiment ENCSR620OKS (type = case).
[2022-12-27 10:05:52] [INFO] 		 Starting experiment ENCSR689PHN (type = control).
[2022-12-27 10:05:52] [INFO] 	 Starting Gene Silencing Series ENCSR136YDL (cell line = K562):
[2022-12-27 10:05:54] [INFO] 		 Starting experiment ENCSR117WLY (type = case).
[2022-12-27 10:05:54] [INFO] 		 Starting experiment ENCSR661HEL (type = control).
[2022-12-27 10:05:55] [INFO] Starting target gene EIF2S1:
[2022-12-27 10:05:55] [INFO] 	 Starting Gene Silencing Series ENCSR566IBA (cell line = HepG2):
[2022-12-27 10:05:56] [INFO] 		 Starting experiment ENCSR861ENA (type = case).
[2022-12-27 10:05:56] [INFO] 		 Starting experiment ENCSR237YZT (type = control).
[2022-12-27 10:05:57] [INFO] 	 Starting Gene Silencing Series ENCSR587XOX (cell line = K562):
[2022-12-27 10:05:58] [INFO] 		 Starting experiment ENCSR546MBH (type = case).
[2022-12-27 10:05:59] [INFO] 		 Starting experiment ENCSR913CAE (type = control).
[2022-12-27 10:05:59] [INFO] Starting target gene EIF2S2:
[2022-12-27 10:05:59] [INFO] 	 Starting Gene Silencing Series ENCSR547UVP (cell line = HepG2):
[2022-12-27 10:06:00] [INFO] 		 Starting experiment ENCSR110HAA (type = case).
[2022-12-27 10:06:01] [INFO] 		 Starting experiment ENCSR067GHD (type = control).
[2022-12-27 10:06:01] [INFO] 	 Starting Gene Silencing Series ENCSR487WDI (cell line = K562):
[2022-12-27 10:06:03] [INFO] 		 Starting experiment ENCSR076PMZ (type = case).
[2022-12-27 10:06:03] [INFO] 		 Starting experiment ENCSR118EFE (type = control).
[2022-12-27 10:06:03] [INFO] Starting target gene EIF3D:
[2022-12-27 10:06:03] [INFO] 	 Starting Gene Silencing Series ENCSR186NTP (cell line = HepG2):
[2022-12-27 10:06:05] [INFO] 		 Starting experiment ENCSR788HVK (type = case).
[2022-12-27 10:06:05] [INFO] 		 Starting experiment ENCSR689PHN (type = control).
[2022-12-27 10:06:05] [INFO] 	 Starting Gene Silencing Series ENCSR940GDT (cell line = K562):
[2022-12-27 10:06:07] [INFO] 		 Starting experiment ENCSR660ETT (type = case).
[2022-12-27 10:06:07] [INFO] 		 Starting experiment ENCSR661HEL (type = control).
[2022-12-27 10:06:07] [INFO] Starting target gene EIF3G:
[2022-12-27 10:06:07] [INFO] 	 Starting Gene Silencing Series ENCSR548LCO (cell line = HepG2):
[2022-12-27 10:06:09] [INFO] 		 Starting experiment ENCSR778AJO (type = case).
[2022-12-27 10:06:10] [INFO] 		 Starting experiment ENCSR003EKR (type = control).
[2022-12-27 10:06:10] [INFO] 	 Starting Gene Silencing Series ENCSR791UFD (cell line = K562):
[2022-12-27 10:06:11] [INFO] 		 Starting experiment ENCSR143UET (type = case).
[2022-12-27 10:06:12] [INFO] 		 Starting experiment ENCSR084SCN (type = control).
[2022-12-27 10:06:12] [INFO] Starting target gene EIF4B:
[2022-12-27 10:06:12] [INFO] 	 Starting Gene Silencing Series ENCSR113GLI (cell line = HepG2):
[2022-12-27 10:06:13] [INFO] 		 Starting experiment ENCSR313CHR (type = case).
[2022-12-27 10:06:14] [INFO] 		 Starting experiment ENCSR237YZT (type = control).
[2022-12-27 10:06:14] [INFO] 	 Starting Gene Silencing Series ENCSR172VUX (cell line = K562):
[2022-12-27 10:06:16] [INFO] 		 Starting experiment ENCSR774BXV (type = case).
[2022-12-27 10:06:16] [INFO] 		 Starting experiment ENCSR913CAE (type = control).
[2022-12-27 10:06:16] [INFO] Starting target gene EIF4G1:
[2022-12-27 10:06:16] [INFO] 	 Starting Gene Silencing Series ENCSR885LXL (cell line = HepG2):
[2022-12-27 10:06:18] [INFO] 		 Starting experiment ENCSR509LIV (type = case).
[2022-12-27 10:06:18] [INFO] 		 Starting experiment ENCSR042QTH (type = control).
[2022-12-27 10:06:18] [INFO] 	 Starting Gene Silencing Series ENCSR006GDY (cell line = K562):
[2022-12-27 10:06:20] [INFO] 		 Starting experiment ENCSR712CSN (type = case).
[2022-12-27 10:06:20] [INFO] 		 Starting experiment ENCSR667PLJ (type = control).
[2022-12-27 10:06:20] [INFO] Starting target gene EIF4G2:
[2022-12-27 10:06:21] [INFO] 	 Starting Gene Silencing Series ENCSR030SUW (cell line = HepG2):
[2022-12-27 10:06:22] [INFO] 		 Starting experiment ENCSR152MON (type = case).
[2022-12-27 10:06:22] [INFO] 		 Starting experiment ENCSR042QTH (type = control).
[2022-12-27 10:06:23] [INFO] 	 Starting Gene Silencing Series ENCSR051ACD (cell line = K562):
[2022-12-27 10:06:24] [INFO] 		 Starting experiment ENCSR040FSN (type = case).
[2022-12-27 10:06:24] [INFO] 		 Starting experiment ENCSR620PUP (type = control).
[2022-12-27 10:06:25] [INFO] Starting target gene ESF1:
[2022-12-27 10:06:25] [INFO] 	 Starting Gene Silencing Series ENCSR784YIW (cell line = HepG2):
[2022-12-27 10:06:26] [INFO] 		 Starting experiment ENCSR060IWW (type = case).
[2022-12-27 10:06:27] [INFO] 		 Starting experiment ENCSR067GHD (type = control).
[2022-12-27 10:06:27] [INFO] 	 Starting Gene Silencing Series ENCSR484XYM (cell line = K562):
[2022-12-27 10:06:28] [INFO] 		 Starting experiment ENCSR077BPR (type = case).
[2022-12-27 10:06:29] [INFO] 		 Starting experiment ENCSR032YMP (type = control).
[2022-12-27 10:06:29] [INFO] Starting target gene EWSR1:
[2022-12-27 10:06:29] [INFO] 	 Starting Gene Silencing Series ENCSR604BHV (cell line = HepG2):
[2022-12-27 10:06:30] [INFO] 		 Starting experiment ENCSR532ZPP (type = case).
[2022-12-27 10:06:31] [INFO] 		 Starting experiment ENCSR538QOG (type = control).
[2022-12-27 10:06:31] [INFO] 	 Starting Gene Silencing Series ENCSR911KXX (cell line = K562):
[2022-12-27 10:06:33] [INFO] 		 Starting experiment ENCSR831YGP (type = case).
[2022-12-27 10:06:33] [INFO] 		 Starting experiment ENCSR913CAE (type = control).
[2022-12-27 10:06:33] [INFO] Starting target gene EXOSC9:
[2022-12-27 10:06:33] [INFO] 	 Starting Gene Silencing Series ENCSR379WHE (cell line = HepG2):
[2022-12-27 10:06:35] [INFO] 		 Starting experiment ENCSR597IYB (type = case).
[2022-12-27 10:06:35] [INFO] 		 Starting experiment ENCSR003EKR (type = control).
[2022-12-27 10:06:35] [INFO] 	 Starting Gene Silencing Series ENCSR117YHI (cell line = K562):
[2022-12-27 10:06:37] [INFO] 		 Starting experiment ENCSR812EIA (type = case).
[2022-12-27 10:06:37] [INFO] 		 Starting experiment ENCSR815CVQ (type = control).
[2022-12-27 10:06:37] [INFO] Starting target gene FAM120A:
[2022-12-27 10:06:37] [INFO] 	 Starting Gene Silencing Series ENCSR602MKX (cell line = HepG2):
[2022-12-27 10:06:39] [INFO] 		 Starting experiment ENCSR047VPW (type = case).
[2022-12-27 10:06:39] [INFO] 		 Starting experiment ENCSR689PHN (type = control).
[2022-12-27 10:06:39] [INFO] 	 Starting Gene Silencing Series ENCSR712BXM (cell line = K562):
[2022-12-27 10:06:41] [INFO] 		 Starting experiment ENCSR492BKM (type = case).
[2022-12-27 10:06:41] [INFO] 		 Starting experiment ENCSR661HEL (type = control).
[2022-12-27 10:06:41] [INFO] Starting target gene FASTKD2:
[2022-12-27 10:06:41] [INFO] 	 Starting Gene Silencing Series ENCSR384FLZ (cell line = HepG2):
[2022-12-27 10:06:43] [INFO] 		 Starting experiment ENCSR716WZH (type = case).
[2022-12-27 10:06:43] [INFO] 		 Starting experiment ENCSR003EKR (type = control).
[2022-12-27 10:06:44] [INFO] 	 Starting Gene Silencing Series ENCSR610SZF (cell line = K562):
[2022-12-27 10:06:45] [INFO] 		 Starting experiment ENCSR608IAI (type = case).
[2022-12-27 10:06:46] [INFO] 		 Starting experiment ENCSR084SCN (type = control).
[2022-12-27 10:06:46] [INFO] Starting target gene FIP1L1:
[2022-12-27 10:06:46] [INFO] 	 Starting Gene Silencing Series ENCSR563NSV (cell line = HepG2):
[2022-12-27 10:06:48] [INFO] 		 Starting experiment ENCSR116QBU (type = case).
[2022-12-27 10:06:48] [INFO] 		 Starting experiment ENCSR067GHD (type = control).
[2022-12-27 10:06:48] [INFO] 	 Starting Gene Silencing Series ENCSR121BDY (cell line = K562):
[2022-12-27 10:06:50] [INFO] 		 Starting experiment ENCSR511BNY (type = case).
[2022-12-27 10:06:50] [INFO] 		 Starting experiment ENCSR032YMP (type = control).
[2022-12-27 10:06:51] [INFO] Starting target gene FKBP4:
[2022-12-27 10:06:51] [INFO] 	 Starting Gene Silencing Series ENCSR018EQF (cell line = HepG2):
[2022-12-27 10:06:52] [INFO] 		 Starting experiment ENCSR639LKS (type = case).
[2022-12-27 10:06:52] [INFO] 		 Starting experiment ENCSR856ZRV (type = control).
[2022-12-27 10:06:53] [INFO] 	 Starting Gene Silencing Series ENCSR355DBE (cell line = K562):
[2022-12-27 10:07:00] [INFO] 		 Starting experiment ENCSR379VXW (type = case).
[2022-12-27 10:07:00] [INFO] 		 Starting experiment ENCSR572FFX (type = control).
[2022-12-27 10:07:00] [INFO] Starting target gene FMR1:
[2022-12-27 10:07:01] [INFO] 	 Starting Gene Silencing Series ENCSR560IJH (cell line = HepG2):
[2022-12-27 10:07:02] [INFO] 		 Starting experiment ENCSR905HID (type = case).
[2022-12-27 10:07:02] [INFO] 		 Starting experiment ENCSR042QTH (type = control).
[2022-12-27 10:07:03] [INFO] 	 Starting Gene Silencing Series ENCSR570ERU (cell line = K562):
[2022-12-27 10:07:04] [INFO] 		 Starting experiment ENCSR555LCE (type = case).
[2022-12-27 10:07:04] [INFO] 		 Starting experiment ENCSR424QCW (type = control).
[2022-12-27 10:07:05] [INFO] Starting target gene FUBP1:
[2022-12-27 10:07:05] [INFO] 	 Starting Gene Silencing Series ENCSR045SMK (cell line = HepG2):
[2022-12-27 10:07:05] [INFO] 		 Starting experiment ENCSR736TAW (type = case).
[2022-12-27 10:07:06] [INFO] 		 Starting experiment ENCSR225PRV (type = control).
[2022-12-27 10:07:06] [INFO] 	 Starting Gene Silencing Series ENCSR452GOM (cell line = K562):
[2022-12-27 10:07:07] [INFO] 		 Starting experiment ENCSR608IXR (type = case).
[2022-12-27 10:07:07] [INFO] 		 Starting experiment ENCSR260BQC (type = control).
[2022-12-27 10:07:07] [INFO] Starting target gene FXR1:
[2022-12-27 10:07:07] [INFO] 	 Starting Gene Silencing Series ENCSR180ZGG (cell line = HepG2):
[2022-12-27 10:07:09] [INFO] 		 Starting experiment ENCSR009PPI (type = case).
[2022-12-27 10:07:09] [INFO] 		 Starting experiment ENCSR237YZT (type = control).
[2022-12-27 10:07:10] [INFO] 	 Starting Gene Silencing Series ENCSR196OST (cell line = K562):
[2022-12-27 10:07:11] [INFO] 		 Starting experiment ENCSR780YFF (type = case).
[2022-12-27 10:07:11] [INFO] 		 Starting experiment ENCSR913CAE (type = control).
[2022-12-27 10:07:12] [INFO] Starting target gene G3BP2:
[2022-12-27 10:07:12] [INFO] 	 Starting Gene Silencing Series ENCSR605PVH (cell line = HepG2):
[2022-12-27 10:07:13] [INFO] 		 Starting experiment ENCSR945UYL (type = case).
[2022-12-27 10:07:14] [INFO] 		 Starting experiment ENCSR237YZT (type = control).
[2022-12-27 10:07:14] [INFO] 	 Starting Gene Silencing Series ENCSR272PIC (cell line = K562):
[2022-12-27 10:07:16] [INFO] 		 Starting experiment ENCSR246SOU (type = case).
[2022-12-27 10:07:16] [INFO] 		 Starting experiment ENCSR344XID (type = control).
[2022-12-27 10:07:16] [INFO] Starting target gene GEMIN5:
[2022-12-27 10:07:16] [INFO] 	 Starting Gene Silencing Series ENCSR560CDR (cell line = HepG2):
[2022-12-27 10:07:18] [INFO] 		 Starting experiment ENCSR771QMJ (type = case).
[2022-12-27 10:07:18] [INFO] 		 Starting experiment ENCSR689PHN (type = control).
[2022-12-27 10:07:19] [INFO] 	 Starting Gene Silencing Series ENCSR817ZSP (cell line = K562):
[2022-12-27 10:07:20] [INFO] 		 Starting experiment ENCSR398GHW (type = case).
[2022-12-27 10:07:21] [INFO] 		 Starting experiment ENCSR661HEL (type = control).
[2022-12-27 10:07:21] [INFO] Starting target gene GPKOW:
[2022-12-27 10:07:21] [INFO] 	 Starting Gene Silencing Series ENCSR287SRR (cell line = HepG2):
[2022-12-27 10:07:22] [INFO] 		 Starting experiment ENCSR968YWY (type = case).
[2022-12-27 10:07:23] [INFO] 		 Starting experiment ENCSR264TUE (type = control).
[2022-12-27 10:07:23] [INFO] 	 Starting Gene Silencing Series ENCSR888VLT (cell line = K562):
[2022-12-27 10:07:25] [INFO] 		 Starting experiment ENCSR967QNT (type = case).
[2022-12-27 10:07:25] [INFO] 		 Starting experiment ENCSR424QCW (type = control).
[2022-12-27 10:07:25] [INFO] Starting target gene GRSF1:
[2022-12-27 10:07:25] [INFO] 	 Starting Gene Silencing Series ENCSR373VUD (cell line = HepG2):
[2022-12-27 10:07:27] [INFO] 		 Starting experiment ENCSR674KDQ (type = case).
[2022-12-27 10:07:27] [INFO] 		 Starting experiment ENCSR279HMU (type = control).
[2022-12-27 10:07:27] [INFO] 	 Starting Gene Silencing Series ENCSR423WRJ (cell line = K562):
[2022-12-27 10:07:29] [INFO] 		 Starting experiment ENCSR835RMN (type = case).
[2022-12-27 10:07:29] [INFO] 		 Starting experiment ENCSR118EFE (type = control).
[2022-12-27 10:07:29] [INFO] Starting target gene HLTF:
[2022-12-27 10:07:29] [INFO] 	 Starting Gene Silencing Series ENCSR575OUX (cell line = HepG2):
[2022-12-27 10:07:31] [INFO] 		 Starting experiment ENCSR010ZMZ (type = case).
[2022-12-27 10:07:31] [INFO] 		 Starting experiment ENCSR491FOC (type = control).
[2022-12-27 10:07:31] [INFO] 	 Starting Gene Silencing Series ENCSR230SKS (cell line = K562):
[2022-12-27 10:07:33] [INFO] 		 Starting experiment ENCSR958NDU (type = case).
[2022-12-27 10:07:33] [INFO] 		 Starting experiment ENCSR815CVQ (type = control).
[2022-12-27 10:07:33] [INFO] Starting target gene HNRNPA0:
[2022-12-27 10:07:33] [INFO] 	 Starting Gene Silencing Series ENCSR069UQV (cell line = HepG2):
[2022-12-27 10:07:35] [INFO] 		 Starting experiment ENCSR720BPO (type = case).
[2022-12-27 10:07:35] [INFO] 		 Starting experiment ENCSR279HMU (type = control).
[2022-12-27 10:07:35] [INFO] 	 Starting Gene Silencing Series ENCSR248OUZ (cell line = K562):
[2022-12-27 10:07:37] [INFO] 		 Starting experiment ENCSR552NBS (type = case).
[2022-12-27 10:07:37] [INFO] 		 Starting experiment ENCSR419JMU (type = control).
[2022-12-27 10:07:37] [INFO] Starting target gene HNRNPA1:
[2022-12-27 10:07:37] [INFO] 	 Starting Gene Silencing Series ENCSR152VVM (cell line = HepG2):
[2022-12-27 10:07:39] [INFO] 		 Starting experiment ENCSR182DAW (type = case).
[2022-12-27 10:07:39] [INFO] 		 Starting experiment ENCSR305XWT (type = control).
[2022-12-27 10:07:39] [INFO] 	 Starting Gene Silencing Series ENCSR596JUF (cell line = K562):
[2022-12-27 10:07:41] [INFO] 		 Starting experiment ENCSR048BWH (type = case).
[2022-12-27 10:07:41] [INFO] 		 Starting experiment ENCSR438MDN (type = control).
[2022-12-27 10:07:42] [INFO] Starting target gene HNRNPA2B1:
[2022-12-27 10:07:42] [INFO] 	 Starting Gene Silencing Series ENCSR281SSX (cell line = HepG2):
[2022-12-27 10:07:43] [INFO] 		 Starting experiment ENCSR769GES (type = case).
[2022-12-27 10:07:44] [INFO] 		 Starting experiment ENCSR042QTH (type = control).
[2022-12-27 10:07:44] [INFO] 	 Starting Gene Silencing Series ENCSR050NGU (cell line = K562):
[2022-12-27 10:07:45] [INFO] 		 Starting experiment ENCSR794NUE (type = case).
[2022-12-27 10:07:46] [INFO] 		 Starting experiment ENCSR164MUK (type = control).
[2022-12-27 10:07:46] [INFO] Starting target gene HNRNPAB:
[2022-12-27 10:07:46] [INFO] 	 Starting Gene Silencing Series ENCSR418EER (cell line = HepG2):
[2022-12-27 10:07:47] [INFO] 		 Starting experiment ENCSR354XQY (type = case).
[2022-12-27 10:07:48] [INFO] 		 Starting experiment ENCSR279HMU (type = control).
[2022-12-27 10:07:48] [INFO] 	 Starting Gene Silencing Series ENCSR894MMO (cell line = K562):
[2022-12-27 10:07:50] [INFO] 		 Starting experiment ENCSR778WPL (type = case).
[2022-12-27 10:07:50] [INFO] 		 Starting experiment ENCSR419JMU (type = control).
[2022-12-27 10:07:50] [INFO] Starting target gene HNRNPC:
[2022-12-27 10:07:50] [INFO] 	 Starting Gene Silencing Series ENCSR308YXN (cell line = HepG2):
[2022-12-27 10:07:52] [INFO] 		 Starting experiment ENCSR052IYH (type = case).
[2022-12-27 10:07:52] [INFO] 		 Starting experiment ENCSR305XWT (type = control).
[2022-12-27 10:07:52] [INFO] 	 Starting Gene Silencing Series ENCSR056YOU (cell line = K562):
[2022-12-27 10:07:54] [INFO] 		 Starting experiment ENCSR470PRV (type = case).
[2022-12-27 10:07:54] [INFO] 		 Starting experiment ENCSR771ZZL (type = control).
[2022-12-27 10:07:54] [INFO] 	 Starting Gene Silencing Series ENCSR865TSU (cell line = K562):
[2022-12-27 10:07:55] [INFO] 		 Starting experiment ENCSR634KBO (type = case).
[2022-12-27 10:07:56] [INFO] 		 Starting experiment ENCSR572FFX (type = control).
[2022-12-27 10:07:56] [INFO] Starting target gene HNRNPL:
[2022-12-27 10:07:56] [INFO] 	 Starting Gene Silencing Series ENCSR826GBS (cell line = HepG2):
[2022-12-27 10:07:58] [INFO] 		 Starting experiment ENCSR155BMF (type = case).
[2022-12-27 10:07:58] [INFO] 		 Starting experiment ENCSR042QTH (type = control).
[2022-12-27 10:07:58] [INFO] 	 Starting Gene Silencing Series ENCSR369EIU (cell line = K562):
[2022-12-27 10:08:00] [INFO] 		 Starting experiment ENCSR563YIS (type = case).
[2022-12-27 10:08:00] [INFO] 		 Starting experiment ENCSR031RRO (type = control).
[2022-12-27 10:08:00] [INFO] Starting target gene HNRNPM:
[2022-12-27 10:08:00] [INFO] 	 Starting Gene Silencing Series ENCSR223RYC (cell line = HepG2):
[2022-12-27 10:08:02] [INFO] 		 Starting experiment ENCSR995JMS (type = case).
[2022-12-27 10:08:02] [INFO] 		 Starting experiment ENCSR067GHD (type = control).
[2022-12-27 10:08:02] [INFO] 	 Starting Gene Silencing Series ENCSR306PSB (cell line = K562):
[2022-12-27 10:08:04] [INFO] 		 Starting experiment ENCSR746NIM (type = case).
[2022-12-27 10:08:04] [INFO] 		 Starting experiment ENCSR032YMP (type = control).
[2022-12-27 10:08:05] [INFO] Starting target gene HNRNPU:
[2022-12-27 10:08:05] [INFO] 	 Starting Gene Silencing Series ENCSR304WXJ (cell line = HepG2):
[2022-12-27 10:08:06] [INFO] 		 Starting experiment ENCSR308IKH (type = case).
[2022-12-27 10:08:07] [INFO] 		 Starting experiment ENCSR305XWT (type = control).
[2022-12-27 10:08:07] [INFO] 	 Starting Gene Silencing Series ENCSR409NTU (cell line = K562):
[2022-12-27 10:08:08] [INFO] 		 Starting experiment ENCSR047IUS (type = case).
[2022-12-27 10:08:09] [INFO] 		 Starting experiment ENCSR438MDN (type = control).
[2022-12-27 10:08:09] [INFO] 	 Starting Gene Silencing Series ENCSR243LLN (cell line = K562):
[2022-12-27 10:08:10] [INFO] 		 Starting experiment ENCSR732ICL (type = case).
[2022-12-27 10:08:10] [INFO] 		 Starting experiment ENCSR898NWE (type = control).
[2022-12-27 10:08:10] [INFO] Starting target gene HNRNPUL1:
[2022-12-27 10:08:11] [INFO] 	 Starting Gene Silencing Series ENCSR925FQW (cell line = HepG2):
[2022-12-27 10:08:12] [INFO] 		 Starting experiment ENCSR689ZJC (type = case).
[2022-12-27 10:08:12] [INFO] 		 Starting experiment ENCSR104ABF (type = control).
[2022-12-27 10:08:13] [INFO] 	 Starting Gene Silencing Series ENCSR478HBC (cell line = K562):
[2022-12-27 10:08:14] [INFO] 		 Starting experiment ENCSR034VBA (type = case).
[2022-12-27 10:08:14] [INFO] 		 Starting experiment ENCSR164MUK (type = control).
[2022-12-27 10:08:15] [INFO] Starting target gene HSPD1:
[2022-12-27 10:08:15] [INFO] 	 Starting Gene Silencing Series ENCSR610MSU (cell line = HepG2):
[2022-12-27 10:08:16] [INFO] 		 Starting experiment ENCSR243IGA (type = case).
[2022-12-27 10:08:16] [INFO] 		 Starting experiment ENCSR246RRQ (type = control).
[2022-12-27 10:08:17] [INFO] 	 Starting Gene Silencing Series ENCSR777FQO (cell line = K562):
[2022-12-27 10:08:18] [INFO] 		 Starting experiment ENCSR222ABK (type = case).
[2022-12-27 10:08:18] [INFO] 		 Starting experiment ENCSR032YMP (type = control).
[2022-12-27 10:08:19] [INFO] Starting target gene IGF2BP2:
[2022-12-27 10:08:19] [INFO] 	 Starting Gene Silencing Series ENCSR663TDN (cell line = HepG2):
[2022-12-27 10:08:20] [INFO] 		 Starting experiment ENCSR478FJK (type = case).
[2022-12-27 10:08:20] [INFO] 		 Starting experiment ENCSR237YZT (type = control).
[2022-12-27 10:08:21] [INFO] 	 Starting Gene Silencing Series ENCSR182YTG (cell line = K562):
[2022-12-27 10:08:22] [INFO] 		 Starting experiment ENCSR952RRH (type = case).
[2022-12-27 10:08:22] [INFO] 		 Starting experiment ENCSR129RWD (type = control).
[2022-12-27 10:08:23] [INFO] Starting target gene IGF2BP3:
[2022-12-27 10:08:23] [INFO] 	 Starting Gene Silencing Series ENCSR362BLN (cell line = HepG2):
[2022-12-27 10:08:24] [INFO] 		 Starting experiment ENCSR710NWE (type = case).
[2022-12-27 10:08:25] [INFO] 		 Starting experiment ENCSR237YZT (type = control).
[2022-12-27 10:08:25] [INFO] 	 Starting Gene Silencing Series ENCSR676OXO (cell line = K562):
[2022-12-27 10:08:26] [INFO] 		 Starting experiment ENCSR481YXD (type = case).
[2022-12-27 10:08:26] [INFO] 		 Starting experiment ENCSR771ZZL (type = control).
[2022-12-27 10:08:27] [INFO] 	 Starting Gene Silencing Series ENCSR397RZP (cell line = K562):
[2022-12-27 10:08:28] [INFO] 		 Starting experiment ENCSR302JQA (type = case).
[2022-12-27 10:08:28] [INFO] 		 Starting experiment ENCSR129RWD (type = control).
[2022-12-27 10:08:29] [INFO] Starting target gene ILF3:
[2022-12-27 10:08:29] [INFO] 	 Starting Gene Silencing Series ENCSR405LHE (cell line = HepG2):
[2022-12-27 10:08:30] [INFO] 		 Starting experiment ENCSR942MBU (type = case).
[2022-12-27 10:08:30] [INFO] 		 Starting experiment ENCSR279HMU (type = control).
[2022-12-27 10:08:31] [INFO] 	 Starting Gene Silencing Series ENCSR801WSO (cell line = K562):
[2022-12-27 10:08:32] [INFO] 		 Starting experiment ENCSR269HQA (type = case).
[2022-12-27 10:08:32] [INFO] 		 Starting experiment ENCSR667PLJ (type = control).
[2022-12-27 10:08:33] [INFO] Starting target gene KHDRBS1:
[2022-12-27 10:08:33] [INFO] 	 Starting Gene Silencing Series ENCSR787JDA (cell line = HepG2):
[2022-12-27 10:08:34] [INFO] 		 Starting experiment ENCSR784FTX (type = case).
[2022-12-27 10:08:34] [INFO] 		 Starting experiment ENCSR279HMU (type = control).
[2022-12-27 10:08:35] [INFO] 	 Starting Gene Silencing Series ENCSR278BRT (cell line = K562):
[2022-12-27 10:08:36] [INFO] 		 Starting experiment ENCSR023HWI (type = case).
[2022-12-27 10:08:36] [INFO] 		 Starting experiment ENCSR667PLJ (type = control).
[2022-12-27 10:08:37] [INFO] Starting target gene KHSRP:
[2022-12-27 10:08:37] [INFO] 	 Starting Gene Silencing Series ENCSR355PLU (cell line = HepG2):
[2022-12-27 10:08:38] [INFO] 		 Starting experiment ENCSR850CKU (type = case).
[2022-12-27 10:08:39] [INFO] 		 Starting experiment ENCSR237YZT (type = control).
[2022-12-27 10:08:39] [INFO] 	 Starting Gene Silencing Series ENCSR535RFH (cell line = K562):
[2022-12-27 10:08:40] [INFO] 		 Starting experiment ENCSR561CBC (type = case).
[2022-12-27 10:08:41] [INFO] 		 Starting experiment ENCSR129RWD (type = control).
[2022-12-27 10:08:41] [INFO] Starting target gene KIF1C:
[2022-12-27 10:08:41] [INFO] 	 Starting Gene Silencing Series ENCSR514ALV (cell line = HepG2):
[2022-12-27 10:08:48] [INFO] 		 Starting experiment ENCSR182GKG (type = case).
[2022-12-27 10:08:48] [INFO] 		 Starting experiment ENCSR538QOG (type = control).
[2022-12-27 10:08:49] [INFO] 	 Starting Gene Silencing Series ENCSR183RYM (cell line = K562):
[2022-12-27 10:08:50] [INFO] 		 Starting experiment ENCSR823WTA (type = case).
[2022-12-27 10:08:51] [INFO] 		 Starting experiment ENCSR143COQ (type = control).
[2022-12-27 10:08:51] [INFO] Starting target gene KRR1:
[2022-12-27 10:08:51] [INFO] 	 Starting Gene Silencing Series ENCSR597NVC (cell line = HepG2):
[2022-12-27 10:08:53] [INFO] 		 Starting experiment ENCSR542ESY (type = case).
[2022-12-27 10:08:53] [INFO] 		 Starting experiment ENCSR246RRQ (type = control).
[2022-12-27 10:08:53] [INFO] 	 Starting Gene Silencing Series ENCSR703HFF (cell line = K562):
[2022-12-27 10:08:55] [INFO] 		 Starting experiment ENCSR244SIO (type = case).
[2022-12-27 10:08:55] [INFO] 		 Starting experiment ENCSR424QCW (type = control).
[2022-12-27 10:08:55] [INFO] Starting target gene LARP4:
[2022-12-27 10:08:55] [INFO] 	 Starting Gene Silencing Series ENCSR382SKH (cell line = HepG2):
[2022-12-27 10:08:57] [INFO] 		 Starting experiment ENCSR744PAQ (type = case).
[2022-12-27 10:08:57] [INFO] 		 Starting experiment ENCSR135LXL (type = control).
[2022-12-27 10:08:57] [INFO] 	 Starting Gene Silencing Series ENCSR274YYU (cell line = K562):
[2022-12-27 10:08:59] [INFO] 		 Starting experiment ENCSR866XLI (type = case).
[2022-12-27 10:08:59] [INFO] 		 Starting experiment ENCSR164MUK (type = control).
[2022-12-27 10:08:59] [INFO] Starting target gene LARP7:
[2022-12-27 10:09:00] [INFO] 	 Starting Gene Silencing Series ENCSR365KBY (cell line = HepG2):
[2022-12-27 10:09:01] [INFO] 		 Starting experiment ENCSR624FBY (type = case).
[2022-12-27 10:09:01] [INFO] 		 Starting experiment ENCSR674KEK (type = control).
[2022-12-27 10:09:02] [INFO] 	 Starting Gene Silencing Series ENCSR710HIK (cell line = K562):
[2022-12-27 10:09:03] [INFO] 		 Starting experiment ENCSR770OWW (type = case).
[2022-12-27 10:09:03] [INFO] 		 Starting experiment ENCSR572FFX (type = control).
[2022-12-27 10:09:03] [INFO] Starting target gene LIN28B:
[2022-12-27 10:09:04] [INFO] 	 Starting Gene Silencing Series ENCSR820HTF (cell line = HepG2):
[2022-12-27 10:09:05] [INFO] 		 Starting experiment ENCSR927SLP (type = case).
[2022-12-27 10:09:05] [INFO] 		 Starting experiment ENCSR674KEK (type = control).
[2022-12-27 10:09:06] [INFO] 	 Starting Gene Silencing Series ENCSR812TGJ (cell line = K562):
[2022-12-27 10:09:07] [INFO] 		 Starting experiment ENCSR598YQX (type = case).
[2022-12-27 10:09:07] [INFO] 		 Starting experiment ENCSR572FFX (type = control).
[2022-12-27 10:09:08] [INFO] Starting target gene LSM11:
[2022-12-27 10:09:08] [INFO] 	 Starting Gene Silencing Series ENCSR795XHB (cell line = HepG2):
[2022-12-27 10:09:09] [INFO] 		 Starting experiment ENCSR883BXR (type = case).
[2022-12-27 10:09:10] [INFO] 		 Starting experiment ENCSR674KEK (type = control).
[2022-12-27 10:09:10] [INFO] 	 Starting Gene Silencing Series ENCSR435QTU (cell line = K562):
[2022-12-27 10:09:11] [INFO] 		 Starting experiment ENCSR762FEO (type = case).
[2022-12-27 10:09:12] [INFO] 		 Starting experiment ENCSR572FFX (type = control).
[2022-12-27 10:09:12] [INFO] Starting target gene MAGOH:
[2022-12-27 10:09:12] [INFO] 	 Starting Gene Silencing Series ENCSR453OOG (cell line = HepG2):
[2022-12-27 10:09:14] [INFO] 		 Starting experiment ENCSR746EKS (type = case).
[2022-12-27 10:09:14] [INFO] 		 Starting experiment ENCSR237YZT (type = control).
[2022-12-27 10:09:14] [INFO] 	 Starting Gene Silencing Series ENCSR726JGY (cell line = K562):
[2022-12-27 10:09:16] [INFO] 		 Starting experiment ENCSR849STR (type = case).
[2022-12-27 10:09:16] [INFO] 		 Starting experiment ENCSR129RWD (type = control).
[2022-12-27 10:09:17] [INFO] Starting target gene MATR3:
[2022-12-27 10:09:17] [INFO] 	 Starting Gene Silencing Series ENCSR875WKW (cell line = HepG2):
[2022-12-27 10:09:18] [INFO] 		 Starting experiment ENCSR492UFS (type = case).
[2022-12-27 10:09:18] [INFO] 		 Starting experiment ENCSR237YZT (type = control).
[2022-12-27 10:09:19] [INFO] 	 Starting Gene Silencing Series ENCSR634RWY (cell line = K562):
[2022-12-27 10:09:20] [INFO] 		 Starting experiment ENCSR792XFP (type = case).
[2022-12-27 10:09:21] [INFO] 		 Starting experiment ENCSR129RWD (type = control).
[2022-12-27 10:09:21] [INFO] Starting target gene METAP2:
[2022-12-27 10:09:21] [INFO] 	 Starting Gene Silencing Series ENCSR593JUF (cell line = HepG2):
[2022-12-27 10:09:22] [INFO] 		 Starting experiment ENCSR992JGE (type = case).
[2022-12-27 10:09:23] [INFO] 		 Starting experiment ENCSR689PHN (type = control).
[2022-12-27 10:09:23] [INFO] 	 Starting Gene Silencing Series ENCSR772WSC (cell line = K562):
[2022-12-27 10:09:24] [INFO] 		 Starting experiment ENCSR952QDQ (type = case).
[2022-12-27 10:09:25] [INFO] 		 Starting experiment ENCSR424QCW (type = control).
[2022-12-27 10:09:25] [INFO] Starting target gene MSI2:
[2022-12-27 10:09:25] [INFO] 	 Starting Gene Silencing Series ENCSR198YXM (cell line = HepG2):
[2022-12-27 10:09:27] [INFO] 		 Starting experiment ENCSR896MMU (type = case).
[2022-12-27 10:09:27] [INFO] 		 Starting experiment ENCSR067GHD (type = control).
[2022-12-27 10:09:27] [INFO] 	 Starting Gene Silencing Series ENCSR849GEE (cell line = K562):
[2022-12-27 10:09:29] [INFO] 		 Starting experiment ENCSR169QQW (type = case).
[2022-12-27 10:09:29] [INFO] 		 Starting experiment ENCSR620PUP (type = control).
[2022-12-27 10:09:29] [INFO] Starting target gene NAA15:
[2022-12-27 10:09:29] [INFO] 	 Starting Gene Silencing Series ENCSR396BIJ (cell line = HepG2):
[2022-12-27 10:09:31] [INFO] 		 Starting experiment ENCSR355OQC (type = case).
[2022-12-27 10:09:31] [INFO] 		 Starting experiment ENCSR067GHD (type = control).
[2022-12-27 10:09:32] [INFO] 	 Starting Gene Silencing Series ENCSR458HEM (cell line = K562):
[2022-12-27 10:09:33] [INFO] 		 Starting experiment ENCSR945GUR (type = case).
[2022-12-27 10:09:33] [INFO] 		 Starting experiment ENCSR143COQ (type = control).
[2022-12-27 10:09:34] [INFO] Starting target gene NCBP2:
[2022-12-27 10:09:34] [INFO] 	 Starting Gene Silencing Series ENCSR087ZNB (cell line = HepG2):
[2022-12-27 10:09:35] [INFO] 		 Starting experiment ENCSR030ARO (type = case).
[2022-12-27 10:09:36] [INFO] 		 Starting experiment ENCSR237YZT (type = control).
[2022-12-27 10:09:36] [INFO] 	 Starting Gene Silencing Series ENCSR249VBV (cell line = K562):
[2022-12-27 10:09:38] [INFO] 		 Starting experiment ENCSR361LBE (type = case).
[2022-12-27 10:09:38] [INFO] 		 Starting experiment ENCSR913CAE (type = control).
[2022-12-27 10:09:38] [INFO] Starting target gene NELFE:
[2022-12-27 10:09:38] [INFO] 	 Starting Gene Silencing Series ENCSR015WFP (cell line = HepG2):
[2022-12-27 10:09:40] [INFO] 		 Starting experiment ENCSR939ZRA (type = case).
[2022-12-27 10:09:40] [INFO] 		 Starting experiment ENCSR603TCV (type = control).
[2022-12-27 10:09:40] [INFO] 	 Starting Gene Silencing Series ENCSR017RVL (cell line = K562):
[2022-12-27 10:09:42] [INFO] 		 Starting experiment ENCSR201WFU (type = case).
[2022-12-27 10:09:42] [INFO] 		 Starting experiment ENCSR129RWD (type = control).
[2022-12-27 10:09:42] [INFO] Starting target gene NOL12:
[2022-12-27 10:09:42] [INFO] 	 Starting Gene Silencing Series ENCSR994ZMV (cell line = HepG2):
[2022-12-27 10:09:44] [INFO] 		 Starting experiment ENCSR643UFV (type = case).
[2022-12-27 10:09:44] [INFO] 		 Starting experiment ENCSR042QTH (type = control).
[2022-12-27 10:09:44] [INFO] 	 Starting Gene Silencing Series ENCSR485ZZS (cell line = K562):
[2022-12-27 10:09:46] [INFO] 		 Starting experiment ENCSR227AVS (type = case).
[2022-12-27 10:09:46] [INFO] 		 Starting experiment ENCSR620PUP (type = control).
[2022-12-27 10:09:47] [INFO] Starting target gene NONO:
[2022-12-27 10:09:47] [INFO] 	 Starting Gene Silencing Series ENCSR905WEG (cell line = HepG2):
[2022-12-27 10:09:48] [INFO] 		 Starting experiment ENCSR647NYX (type = case).
[2022-12-27 10:09:48] [INFO] 		 Starting experiment ENCSR856ZRV (type = control).
[2022-12-27 10:09:49] [INFO] 	 Starting Gene Silencing Series ENCSR868GYG (cell line = K562):
[2022-12-27 10:09:50] [INFO] 		 Starting experiment ENCSR398HXV (type = case).
[2022-12-27 10:09:50] [INFO] 		 Starting experiment ENCSR661HEL (type = control).
[2022-12-27 10:09:51] [INFO] Starting target gene NSUN2:
[2022-12-27 10:09:51] [INFO] 	 Starting Gene Silencing Series ENCSR825EXD (cell line = HepG2):
[2022-12-27 10:09:52] [INFO] 		 Starting experiment ENCSR629RUG (type = case).
[2022-12-27 10:09:53] [INFO] 		 Starting experiment ENCSR264TUE (type = control).
[2022-12-27 10:09:53] [INFO] 	 Starting Gene Silencing Series ENCSR951PTY (cell line = K562):
[2022-12-27 10:09:54] [INFO] 		 Starting experiment ENCSR829EFL (type = case).
[2022-12-27 10:09:54] [INFO] 		 Starting experiment ENCSR174OYC (type = control).
[2022-12-27 10:09:55] [INFO] Starting target gene NUFIP2:
[2022-12-27 10:09:55] [INFO] 	 Starting Gene Silencing Series ENCSR804FLV (cell line = HepG2):
[2022-12-27 10:09:56] [INFO] 		 Starting experiment ENCSR584JRB (type = case).
[2022-12-27 10:09:57] [INFO] 		 Starting experiment ENCSR104ABF (type = control).
[2022-12-27 10:09:57] [INFO] 	 Starting Gene Silencing Series ENCSR789PSL (cell line = K562):
[2022-12-27 10:09:58] [INFO] 		 Starting experiment ENCSR754RJA (type = case).
[2022-12-27 10:09:59] [INFO] 		 Starting experiment ENCSR174OYC (type = control).
[2022-12-27 10:09:59] [INFO] Starting target gene NUSAP1:
[2022-12-27 10:09:59] [INFO] 	 Starting Gene Silencing Series ENCSR222VTT (cell line = HepG2):
[2022-12-27 10:10:01] [INFO] 		 Starting experiment ENCSR180XTP (type = case).
[2022-12-27 10:10:01] [INFO] 		 Starting experiment ENCSR674KEK (type = control).
[2022-12-27 10:10:01] [INFO] 	 Starting Gene Silencing Series ENCSR483BZO (cell line = K562):
[2022-12-27 10:10:03] [INFO] 		 Starting experiment ENCSR927XBT (type = case).
[2022-12-27 10:10:03] [INFO] 		 Starting experiment ENCSR572FFX (type = control).
[2022-12-27 10:10:03] [INFO] Starting target gene PABPC1:
[2022-12-27 10:10:03] [INFO] 	 Starting Gene Silencing Series ENCSR494NLK (cell line = HepG2):
[2022-12-27 10:10:05] [INFO] 		 Starting experiment ENCSR910YNJ (type = case).
[2022-12-27 10:10:05] [INFO] 		 Starting experiment ENCSR279HMU (type = control).
[2022-12-27 10:10:05] [INFO] 	 Starting Gene Silencing Series ENCSR448XEY (cell line = K562):
[2022-12-27 10:10:07] [INFO] 		 Starting experiment ENCSR192GBD (type = case).
[2022-12-27 10:10:07] [INFO] 		 Starting experiment ENCSR419JMU (type = control).
[2022-12-27 10:10:07] [INFO] Starting target gene PABPC4:
[2022-12-27 10:10:07] [INFO] 	 Starting Gene Silencing Series ENCSR475UTA (cell line = HepG2):
[2022-12-27 10:10:09] [INFO] 		 Starting experiment ENCSR455VZH (type = case).
[2022-12-27 10:10:09] [INFO] 		 Starting experiment ENCSR237YZT (type = control).
[2022-12-27 10:10:09] [INFO] 	 Starting Gene Silencing Series ENCSR169IXL (cell line = K562):
[2022-12-27 10:10:11] [INFO] 		 Starting experiment ENCSR047EEG (type = case).
[2022-12-27 10:10:11] [INFO] 		 Starting experiment ENCSR344XID (type = control).
[2022-12-27 10:10:11] [INFO] Starting target gene PCBP1:
[2022-12-27 10:10:11] [INFO] 	 Starting Gene Silencing Series ENCSR496JBC (cell line = HepG2):
[2022-12-27 10:10:13] [INFO] 		 Starting experiment ENCSR635FRH (type = case).
[2022-12-27 10:10:13] [INFO] 		 Starting experiment ENCSR603TCV (type = control).
[2022-12-27 10:10:14] [INFO] 	 Starting Gene Silencing Series ENCSR542DWE (cell line = K562):
[2022-12-27 10:10:15] [INFO] 		 Starting experiment ENCSR545AIK (type = case).
[2022-12-27 10:10:15] [INFO] 		 Starting experiment ENCSR129RWD (type = control).
[2022-12-27 10:10:16] [INFO] Starting target gene PCBP2:
[2022-12-27 10:10:16] [INFO] 	 Starting Gene Silencing Series ENCSR195CHH (cell line = HepG2):
[2022-12-27 10:10:17] [INFO] 		 Starting experiment ENCSR028ITN (type = case).
[2022-12-27 10:10:17] [INFO] 		 Starting experiment ENCSR491FOC (type = control).
[2022-12-27 10:10:17] [INFO] 	 Starting Gene Silencing Series ENCSR947MUV (cell line = K562):
[2022-12-27 10:10:19] [INFO] 		 Starting experiment ENCSR648QFY (type = case).
[2022-12-27 10:10:19] [INFO] 		 Starting experiment ENCSR129RWD (type = control).
[2022-12-27 10:10:20] [INFO] Starting target gene PKM:
[2022-12-27 10:10:20] [INFO] 	 Starting Gene Silencing Series ENCSR216UHU (cell line = HepG2):
[2022-12-27 10:10:21] [INFO] 		 Starting experiment ENCSR656DQV (type = case).
[2022-12-27 10:10:22] [INFO] 		 Starting experiment ENCSR689PHN (type = control).
[2022-12-27 10:10:22] [INFO] 	 Starting Gene Silencing Series ENCSR463EDG (cell line = K562):
[2022-12-27 10:10:23] [INFO] 		 Starting experiment ENCSR978CSQ (type = case).
[2022-12-27 10:10:24] [INFO] 		 Starting experiment ENCSR438MDN (type = control).
[2022-12-27 10:10:24] [INFO] Starting target gene PNPT1:
[2022-12-27 10:10:24] [INFO] 	 Starting Gene Silencing Series ENCSR317QGL (cell line = HepG2):
[2022-12-27 10:10:26] [INFO] 		 Starting experiment ENCSR880DEH (type = case).
[2022-12-27 10:10:26] [INFO] 		 Starting experiment ENCSR279HMU (type = control).
[2022-12-27 10:10:26] [INFO] 	 Starting Gene Silencing Series ENCSR791AGL (cell line = K562):
[2022-12-27 10:10:28] [INFO] 		 Starting experiment ENCSR191VWK (type = case).
[2022-12-27 10:10:28] [INFO] 		 Starting experiment ENCSR620PUP (type = control).
[2022-12-27 10:10:28] [INFO] Starting target gene PPIG:
[2022-12-27 10:10:28] [INFO] 	 Starting Gene Silencing Series ENCSR692CHB (cell line = HepG2):
[2022-12-27 10:10:30] [INFO] 		 Starting experiment ENCSR620HAA (type = case).
[2022-12-27 10:10:30] [INFO] 		 Starting experiment ENCSR246RRQ (type = control).
[2022-12-27 10:10:30] [INFO] 	 Starting Gene Silencing Series ENCSR919QPP (cell line = K562):
[2022-12-27 10:10:32] [INFO] 		 Starting experiment ENCSR529MBZ (type = case).
[2022-12-27 10:10:32] [INFO] 		 Starting experiment ENCSR032YMP (type = control).
[2022-12-27 10:10:32] [INFO] Starting target gene PPIL4:
[2022-12-27 10:10:32] [INFO] 	 Starting Gene Silencing Series ENCSR067NIT (cell line = HepG2):
[2022-12-27 10:10:39] [INFO] 		 Starting experiment ENCSR851KEX (type = case).
[2022-12-27 10:10:40] [INFO] 		 Starting experiment ENCSR305XWT (type = control).
[2022-12-27 10:10:40] [INFO] 	 Starting Gene Silencing Series ENCSR431ZHM (cell line = K562):
[2022-12-27 10:10:41] [INFO] 		 Starting experiment ENCSR556FNN (type = case).
[2022-12-27 10:10:42] [INFO] 		 Starting experiment ENCSR419JMU (type = control).
[2022-12-27 10:10:42] [INFO] Starting target gene PRPF4:
[2022-12-27 10:10:42] [INFO] 	 Starting Gene Silencing Series ENCSR360MWJ (cell line = HepG2):
[2022-12-27 10:10:43] [INFO] 		 Starting experiment ENCSR466NRW (type = case).
[2022-12-27 10:10:43] [INFO] 		 Starting experiment ENCSR093ERJ (type = control).
[2022-12-27 10:10:44] [INFO] 	 Starting Gene Silencing Series ENCSR810PUY (cell line = K562):
[2022-12-27 10:10:45] [INFO] 		 Starting experiment ENCSR363QIA (type = case).
[2022-12-27 10:10:45] [INFO] 		 Starting experiment ENCSR260BQC (type = control).
[2022-12-27 10:10:45] [INFO] Starting target gene PRPF6:
[2022-12-27 10:10:45] [INFO] 	 Starting Gene Silencing Series ENCSR196YEP (cell line = HepG2):
[2022-12-27 10:10:47] [INFO] 		 Starting experiment ENCSR529QEZ (type = case).
[2022-12-27 10:10:47] [INFO] 		 Starting experiment ENCSR491FOC (type = control).
[2022-12-27 10:10:47] [INFO] 	 Starting Gene Silencing Series ENCSR985AIG (cell line = K562):
[2022-12-27 10:10:49] [INFO] 		 Starting experiment ENCSR783LUA (type = case).
[2022-12-27 10:10:49] [INFO] 		 Starting experiment ENCSR815CVQ (type = control).
[2022-12-27 10:10:49] [INFO] Starting target gene PSIP1:
[2022-12-27 10:10:49] [INFO] 	 Starting Gene Silencing Series ENCSR513SYG (cell line = HepG2):
[2022-12-27 10:10:51] [INFO] 		 Starting experiment ENCSR744YVR (type = case).
[2022-12-27 10:10:51] [INFO] 		 Starting experiment ENCSR674KEK (type = control).
[2022-12-27 10:10:51] [INFO] 	 Starting Gene Silencing Series ENCSR157QFT (cell line = K562):
[2022-12-27 10:10:53] [INFO] 		 Starting experiment ENCSR611LQB (type = case).
[2022-12-27 10:10:53] [INFO] 		 Starting experiment ENCSR572FFX (type = control).
[2022-12-27 10:10:53] [INFO] Starting target gene PTBP1:
[2022-12-27 10:10:53] [INFO] 	 Starting Gene Silencing Series ENCSR526EYK (cell line = HepG2):
[2022-12-27 10:10:55] [INFO] 		 Starting experiment ENCSR064DXG (type = case).
[2022-12-27 10:10:55] [INFO] 		 Starting experiment ENCSR603TCV (type = control).
[2022-12-27 10:10:55] [INFO] 	 Starting Gene Silencing Series ENCSR445NMP (cell line = K562):
[2022-12-27 10:10:57] [INFO] 		 Starting experiment ENCSR527IVX (type = case).
[2022-12-27 10:10:57] [INFO] 		 Starting experiment ENCSR129RWD (type = control).
[2022-12-27 10:10:58] [INFO] Starting target gene PUF60:
[2022-12-27 10:10:58] [INFO] 	 Starting Gene Silencing Series ENCSR979YNN (cell line = HepG2):
[2022-12-27 10:10:59] [INFO] 		 Starting experiment ENCSR648BSC (type = case).
[2022-12-27 10:10:59] [INFO] 		 Starting experiment ENCSR042QTH (type = control).
[2022-12-27 10:11:00] [INFO] 	 Starting Gene Silencing Series ENCSR294TLQ (cell line = K562):
[2022-12-27 10:11:01] [INFO] 		 Starting experiment ENCSR558XNA (type = case).
[2022-12-27 10:11:01] [INFO] 		 Starting experiment ENCSR620PUP (type = control).
[2022-12-27 10:11:02] [INFO] Starting target gene PUM1:
[2022-12-27 10:11:02] [INFO] 	 Starting Gene Silencing Series ENCSR674VQM (cell line = HepG2):
[2022-12-27 10:11:04] [INFO] 		 Starting experiment ENCSR945XKW (type = case).
[2022-12-27 10:11:04] [INFO] 		 Starting experiment ENCSR042QTH (type = control).
[2022-12-27 10:11:04] [INFO] 	 Starting Gene Silencing Series ENCSR449VKZ (cell line = K562):
[2022-12-27 10:11:06] [INFO] 		 Starting experiment ENCSR745WVZ (type = case).
[2022-12-27 10:11:06] [INFO] 		 Starting experiment ENCSR620PUP (type = control).
[2022-12-27 10:11:06] [INFO] Starting target gene PUM2:
[2022-12-27 10:11:06] [INFO] 	 Starting Gene Silencing Series ENCSR721OFF (cell line = HepG2):
[2022-12-27 10:11:08] [INFO] 		 Starting experiment ENCSR210DML (type = case).
[2022-12-27 10:11:08] [INFO] 		 Starting experiment ENCSR042QTH (type = control).
[2022-12-27 10:11:08] [INFO] 	 Starting Gene Silencing Series ENCSR064PGJ (cell line = K562):
[2022-12-27 10:11:10] [INFO] 		 Starting experiment ENCSR118XYK (type = case).
[2022-12-27 10:11:10] [INFO] 		 Starting experiment ENCSR620PUP (type = control).
[2022-12-27 10:11:10] [INFO] Starting target gene PUS1:
[2022-12-27 10:11:10] [INFO] 	 Starting Gene Silencing Series ENCSR726PDN (cell line = HepG2):
[2022-12-27 10:11:12] [INFO] 		 Starting experiment ENCSR296ERI (type = case).
[2022-12-27 10:11:12] [INFO] 		 Starting experiment ENCSR538QOG (type = control).
[2022-12-27 10:11:12] [INFO] 	 Starting Gene Silencing Series ENCSR272DTK (cell line = K562):
[2022-12-27 10:11:14] [INFO] 		 Starting experiment ENCSR618IQH (type = case).
[2022-12-27 10:11:14] [INFO] 		 Starting experiment ENCSR143COQ (type = control).
[2022-12-27 10:11:14] [INFO] Starting target gene QKI:
[2022-12-27 10:11:14] [INFO] 	 Starting Gene Silencing Series ENCSR010BGO (cell line = HepG2):
[2022-12-27 10:11:16] [INFO] 		 Starting experiment ENCSR330YOU (type = case).
[2022-12-27 10:11:16] [INFO] 		 Starting experiment ENCSR603TCV (type = control).
[2022-12-27 10:11:16] [INFO] 	 Starting Gene Silencing Series ENCSR436LAN (cell line = K562):
[2022-12-27 10:11:18] [INFO] 		 Starting experiment ENCSR256PLH (type = case).
[2022-12-27 10:11:18] [INFO] 		 Starting experiment ENCSR344XID (type = control).
[2022-12-27 10:11:18] [INFO] Starting target gene RAVER1:
[2022-12-27 10:11:18] [INFO] 	 Starting Gene Silencing Series ENCSR998CDN (cell line = HepG2):
[2022-12-27 10:11:20] [INFO] 		 Starting experiment ENCSR576GOW (type = case).
[2022-12-27 10:11:20] [INFO] 		 Starting experiment ENCSR491FOC (type = control).
[2022-12-27 10:11:20] [INFO] 	 Starting Gene Silencing Series ENCSR369IHW (cell line = K562):
[2022-12-27 10:11:22] [INFO] 		 Starting experiment ENCSR904BCZ (type = case).
[2022-12-27 10:11:22] [INFO] 		 Starting experiment ENCSR344XID (type = control).
[2022-12-27 10:11:22] [INFO] Starting target gene RBM15:
[2022-12-27 10:11:22] [INFO] 	 Starting Gene Silencing Series ENCSR000OWF (cell line = HepG2):
[2022-12-27 10:11:24] [INFO] 		 Starting experiment ENCSR599PXD (type = case).
[2022-12-27 10:11:24] [INFO] 		 Starting experiment ENCSR585KOJ (type = control).
[2022-12-27 10:11:25] [INFO] 	 Starting Gene Silencing Series ENCSR676VUZ (cell line = K562):
[2022-12-27 10:11:26] [INFO] 		 Starting experiment ENCSR385UPQ (type = case).
[2022-12-27 10:11:27] [INFO] 		 Starting experiment ENCSR143COQ (type = control).
[2022-12-27 10:11:27] [INFO] Starting target gene RBM22:
[2022-12-27 10:11:27] [INFO] 	 Starting Gene Silencing Series ENCSR972BSZ (cell line = HepG2):
[2022-12-27 10:11:29] [INFO] 		 Starting experiment ENCSR330KHN (type = case).
[2022-12-27 10:11:29] [INFO] 		 Starting experiment ENCSR997HCQ (type = control).
[2022-12-27 10:11:29] [INFO] 	 Starting Gene Silencing Series ENCSR071HSS (cell line = K562):
[2022-12-27 10:11:31] [INFO] 		 Starting experiment ENCSR947OIM (type = case).
[2022-12-27 10:11:31] [INFO] 		 Starting experiment ENCSR129RWD (type = control).
[2022-12-27 10:11:31] [INFO] Starting target gene RBM34:
[2022-12-27 10:11:31] [INFO] 	 Starting Gene Silencing Series ENCSR070SVE (cell line = HepG2):
[2022-12-27 10:11:33] [INFO] 		 Starting experiment ENCSR318HAT (type = case).
[2022-12-27 10:11:33] [INFO] 		 Starting experiment ENCSR491FOC (type = control).
[2022-12-27 10:11:33] [INFO] 	 Starting Gene Silencing Series ENCSR930UCY (cell line = K562):
[2022-12-27 10:11:35] [INFO] 		 Starting experiment ENCSR560AYQ (type = case).
[2022-12-27 10:11:35] [INFO] 		 Starting experiment ENCSR129RWD (type = control).
[2022-12-27 10:11:36] [INFO] Starting target gene RBM39:
[2022-12-27 10:11:36] [INFO] 	 Starting Gene Silencing Series ENCSR730AEK (cell line = HepG2):
[2022-12-27 10:11:37] [INFO] 		 Starting experiment ENCSR760EGM (type = case).
[2022-12-27 10:11:38] [INFO] 		 Starting experiment ENCSR104ABF (type = control).
[2022-12-27 10:11:38] [INFO] 	 Starting Gene Silencing Series ENCSR785KDC (cell line = K562):
[2022-12-27 10:11:40] [INFO] 		 Starting experiment ENCSR678WOA (type = case).
[2022-12-27 10:11:40] [INFO] 		 Starting experiment ENCSR164MUK (type = control).
[2022-12-27 10:11:40] [INFO] Starting target gene RCC2:
[2022-12-27 10:11:40] [INFO] 	 Starting Gene Silencing Series ENCSR754FNO (cell line = HepG2):
[2022-12-27 10:11:42] [INFO] 		 Starting experiment ENCSR685JXU (type = case).
[2022-12-27 10:11:42] [INFO] 		 Starting experiment ENCSR674KEK (type = control).
[2022-12-27 10:11:42] [INFO] 	 Starting Gene Silencing Series ENCSR100GIZ (cell line = K562):
[2022-12-27 10:11:44] [INFO] 		 Starting experiment ENCSR921KDS (type = case).
[2022-12-27 10:11:44] [INFO] 		 Starting experiment ENCSR572FFX (type = control).
[2022-12-27 10:11:44] [INFO] Starting target gene RPS10:
[2022-12-27 10:11:44] [INFO] 	 Starting Gene Silencing Series ENCSR245WSO (cell line = HepG2):
[2022-12-27 10:11:46] [INFO] 		 Starting experiment ENCSR410UHJ (type = case).
[2022-12-27 10:11:46] [INFO] 		 Starting experiment ENCSR491FOC (type = control).
[2022-12-27 10:11:47] [INFO] 	 Starting Gene Silencing Series ENCSR819WUX (cell line = K562):
[2022-12-27 10:11:48] [INFO] 		 Starting experiment ENCSR004RGI (type = case).
[2022-12-27 10:11:48] [INFO] 		 Starting experiment ENCSR084SCN (type = control).
[2022-12-27 10:11:49] [INFO] Starting target gene RPS19:
[2022-12-27 10:11:49] [INFO] 	 Starting Gene Silencing Series ENCSR424DOB (cell line = HepG2):
[2022-12-27 10:11:50] [INFO] 		 Starting experiment ENCSR486AIO (type = case).
[2022-12-27 10:11:50] [INFO] 		 Starting experiment ENCSR689PHN (type = control).
[2022-12-27 10:11:51] [INFO] 	 Starting Gene Silencing Series ENCSR602APO (cell line = K562):
[2022-12-27 10:11:52] [INFO] 		 Starting experiment ENCSR098NHI (type = case).
[2022-12-27 10:11:53] [INFO] 		 Starting experiment ENCSR661HEL (type = control).
[2022-12-27 10:11:53] [INFO] Starting target gene RPS3A:
[2022-12-27 10:11:53] [INFO] 	 Starting Gene Silencing Series ENCSR078ZFS (cell line = HepG2):
[2022-12-27 10:11:54] [INFO] 		 Starting experiment ENCSR118VQR (type = case).
[2022-12-27 10:11:55] [INFO] 		 Starting experiment ENCSR279HMU (type = control).
[2022-12-27 10:11:55] [INFO] 	 Starting Gene Silencing Series ENCSR803YTK (cell line = K562):
[2022-12-27 10:11:57] [INFO] 		 Starting experiment ENCSR788YGG (type = case).
[2022-12-27 10:11:57] [INFO] 		 Starting experiment ENCSR419JMU (type = control).
[2022-12-27 10:11:57] [INFO] Starting target gene RRP9:
[2022-12-27 10:11:57] [INFO] 	 Starting Gene Silencing Series ENCSR793FHF (cell line = HepG2):
[2022-12-27 10:11:59] [INFO] 		 Starting experiment ENCSR471GIS (type = case).
[2022-12-27 10:11:59] [INFO] 		 Starting experiment ENCSR856ZRV (type = control).
[2022-12-27 10:11:59] [INFO] 	 Starting Gene Silencing Series ENCSR420UVJ (cell line = K562):
[2022-12-27 10:12:01] [INFO] 		 Starting experiment ENCSR210KJB (type = case).
[2022-12-27 10:12:01] [INFO] 		 Starting experiment ENCSR661HEL (type = control).
[2022-12-27 10:12:01] [INFO] Starting target gene SAFB2:
[2022-12-27 10:12:01] [INFO] 	 Starting Gene Silencing Series ENCSR616DAC (cell line = HepG2):
[2022-12-27 10:12:03] [INFO] 		 Starting experiment ENCSR110ZYD (type = case).
[2022-12-27 10:12:03] [INFO] 		 Starting experiment ENCSR305XWT (type = control).
[2022-12-27 10:12:03] [INFO] 	 Starting Gene Silencing Series ENCSR486SNX (cell line = K562):
[2022-12-27 10:12:05] [INFO] 		 Starting experiment ENCSR770LYW (type = case).
[2022-12-27 10:12:05] [INFO] 		 Starting experiment ENCSR154OBA (type = control).
[2022-12-27 10:12:06] [INFO] Starting target gene SART3:
[2022-12-27 10:12:06] [INFO] 	 Starting Gene Silencing Series ENCSR812YDZ (cell line = HepG2):
[2022-12-27 10:12:07] [INFO] 		 Starting experiment ENCSR011BBS (type = case).
[2022-12-27 10:12:07] [INFO] 		 Starting experiment ENCSR279HMU (type = control).
[2022-12-27 10:12:08] [INFO] 	 Starting Gene Silencing Series ENCSR396HJG (cell line = K562):
[2022-12-27 10:12:09] [INFO] 		 Starting experiment ENCSR954HAY (type = case).
[2022-12-27 10:12:09] [INFO] 		 Starting experiment ENCSR419JMU (type = control).
[2022-12-27 10:12:10] [INFO] Starting target gene SBDS:
[2022-12-27 10:12:10] [INFO] 	 Starting Gene Silencing Series ENCSR371FFJ (cell line = HepG2):
[2022-12-27 10:12:11] [INFO] 		 Starting experiment ENCSR343DHN (type = case).
[2022-12-27 10:12:12] [INFO] 		 Starting experiment ENCSR279HMU (type = control).
[2022-12-27 10:12:12] [INFO] 	 Starting Gene Silencing Series ENCSR818WLG (cell line = K562):
[2022-12-27 10:12:14] [INFO] 		 Starting experiment ENCSR219DXZ (type = case).
[2022-12-27 10:12:14] [INFO] 		 Starting experiment ENCSR419JMU (type = control).
[2022-12-27 10:12:14] [INFO] Starting target gene SERBP1:
[2022-12-27 10:12:14] [INFO] 	 Starting Gene Silencing Series ENCSR779VTD (cell line = HepG2):
[2022-12-27 10:12:16] [INFO] 		 Starting experiment ENCSR820ROH (type = case).
[2022-12-27 10:12:16] [INFO] 		 Starting experiment ENCSR689PHN (type = control).
[2022-12-27 10:12:17] [INFO] 	 Starting Gene Silencing Series ENCSR284WTC (cell line = K562):
[2022-12-27 10:12:18] [INFO] 		 Starting experiment ENCSR925RNE (type = case).
[2022-12-27 10:12:18] [INFO] 		 Starting experiment ENCSR661HEL (type = control).
[2022-12-27 10:12:18] [INFO] Starting target gene SF1:
[2022-12-27 10:12:19] [INFO] 	 Starting Gene Silencing Series ENCSR711FIY (cell line = HepG2):
[2022-12-27 10:12:20] [INFO] 		 Starting experiment ENCSR644AIM (type = case).
[2022-12-27 10:12:20] [INFO] 		 Starting experiment ENCSR104ABF (type = control).
[2022-12-27 10:12:21] [INFO] 	 Starting Gene Silencing Series ENCSR777JPW (cell line = K562):
[2022-12-27 10:12:22] [INFO] 		 Starting experiment ENCSR628JYB (type = case).
[2022-12-27 10:12:22] [INFO] 		 Starting experiment ENCSR898NWE (type = control).
[2022-12-27 10:12:22] [INFO] 	 Starting Gene Silencing Series ENCSR675KZH (cell line = K562):
[2022-12-27 10:12:29] [INFO] 		 Starting experiment ENCSR562CCA (type = case).
[2022-12-27 10:12:30] [INFO] 		 Starting experiment ENCSR164MUK (type = control).
[2022-12-27 10:12:30] [INFO] Starting target gene SF3A3:
[2022-12-27 10:12:30] [INFO] 	 Starting Gene Silencing Series ENCSR415VVG (cell line = HepG2):
[2022-12-27 10:12:32] [INFO] 		 Starting experiment ENCSR374NMJ (type = case).
[2022-12-27 10:12:32] [INFO] 		 Starting experiment ENCSR691IVR (type = control).
[2022-12-27 10:12:32] [INFO] 	 Starting Gene Silencing Series ENCSR692YFS (cell line = K562):
[2022-12-27 10:12:34] [INFO] 		 Starting experiment ENCSR454KYR (type = case).
[2022-12-27 10:12:34] [INFO] 		 Starting experiment ENCSR174OYC (type = control).
[2022-12-27 10:12:34] [INFO] Starting target gene SF3B4:
[2022-12-27 10:12:34] [INFO] 	 Starting Gene Silencing Series ENCSR617SJU (cell line = HepG2):
[2022-12-27 10:12:36] [INFO] 		 Starting experiment ENCSR148MQK (type = case).
[2022-12-27 10:12:36] [INFO] 		 Starting experiment ENCSR603TCV (type = control).
[2022-12-27 10:12:36] [INFO] 	 Starting Gene Silencing Series ENCSR545JRZ (cell line = K562):
[2022-12-27 10:12:38] [INFO] 		 Starting experiment ENCSR081XRA (type = case).
[2022-12-27 10:12:38] [INFO] 		 Starting experiment ENCSR344XID (type = control).
[2022-12-27 10:12:38] [INFO] Starting target gene SLBP:
[2022-12-27 10:12:39] [INFO] 	 Starting Gene Silencing Series ENCSR239VHY (cell line = HepG2):
[2022-12-27 10:12:40] [INFO] 		 Starting experiment ENCSR519KXM (type = case).
[2022-12-27 10:12:40] [INFO] 		 Starting experiment ENCSR042QTH (type = control).
[2022-12-27 10:12:41] [INFO] 	 Starting Gene Silencing Series ENCSR027WCW (cell line = K562):
[2022-12-27 10:12:42] [INFO] 		 Starting experiment ENCSR112YTD (type = case).
[2022-12-27 10:12:43] [INFO] 		 Starting experiment ENCSR667PLJ (type = control).
[2022-12-27 10:12:43] [INFO] Starting target gene SLTM:
[2022-12-27 10:12:43] [INFO] 	 Starting Gene Silencing Series ENCSR284QBD (cell line = HepG2):
[2022-12-27 10:12:44] [INFO] 		 Starting experiment ENCSR185JGT (type = case).
[2022-12-27 10:12:45] [INFO] 		 Starting experiment ENCSR491FOC (type = control).
[2022-12-27 10:12:45] [INFO] 	 Starting Gene Silencing Series ENCSR999PXW (cell line = K562):
[2022-12-27 10:12:46] [INFO] 		 Starting experiment ENCSR234YMW (type = case).
[2022-12-27 10:12:47] [INFO] 		 Starting experiment ENCSR084SCN (type = control).
[2022-12-27 10:12:47] [INFO] Starting target gene SMN1:
[2022-12-27 10:12:47] [INFO] 	 Starting Gene Silencing Series ENCSR351TBB (cell line = HepG2):
[2022-12-27 10:12:49] [INFO] 		 Starting experiment ENCSR090UMI (type = case).
[2022-12-27 10:12:49] [INFO] 		 Starting experiment ENCSR305XWT (type = control).
[2022-12-27 10:12:49] [INFO] 	 Starting Gene Silencing Series ENCSR598HHA (cell line = K562):
[2022-12-27 10:12:51] [INFO] 		 Starting experiment ENCSR129ROE (type = case).
[2022-12-27 10:12:51] [INFO] 		 Starting experiment ENCSR419JMU (type = control).
[2022-12-27 10:12:51] [INFO] Starting target gene SMNDC1:
[2022-12-27 10:12:51] [INFO] 	 Starting Gene Silencing Series ENCSR383KJZ (cell line = HepG2):
[2022-12-27 10:12:53] [INFO] 		 Starting experiment ENCSR995ZGJ (type = case).
[2022-12-27 10:12:53] [INFO] 		 Starting experiment ENCSR491FOC (type = control).
[2022-12-27 10:12:54] [INFO] 	 Starting Gene Silencing Series ENCSR791XKC (cell line = K562):
[2022-12-27 10:12:56] [INFO] 		 Starting experiment ENCSR408SDL (type = case).
[2022-12-27 10:12:56] [INFO] 		 Starting experiment ENCSR815CVQ (type = control).
[2022-12-27 10:12:56] [INFO] Starting target gene SND1:
[2022-12-27 10:12:56] [INFO] 	 Starting Gene Silencing Series ENCSR332BHS (cell line = HepG2):
[2022-12-27 10:12:57] [INFO] 		 Starting experiment ENCSR398LZW (type = case).
[2022-12-27 10:12:58] [INFO] 		 Starting experiment ENCSR491FOC (type = control).
[2022-12-27 10:12:58] [INFO] 	 Starting Gene Silencing Series ENCSR849MTM (cell line = K562):
[2022-12-27 10:13:00] [INFO] 		 Starting experiment ENCSR232XRZ (type = case).
[2022-12-27 10:13:00] [INFO] 		 Starting experiment ENCSR084SCN (type = control).
[2022-12-27 10:13:00] [INFO] Starting target gene SNRNP200:
[2022-12-27 10:13:00] [INFO] 	 Starting Gene Silencing Series ENCSR166KII (cell line = HepG2):
[2022-12-27 10:13:02] [INFO] 		 Starting experiment ENCSR003LSA (type = case).
[2022-12-27 10:13:02] [INFO] 		 Starting experiment ENCSR104ABF (type = control).
[2022-12-27 10:13:02] [INFO] 	 Starting Gene Silencing Series ENCSR565WQW (cell line = K562):
[2022-12-27 10:13:04] [INFO] 		 Starting experiment ENCSR943LIB (type = case).
[2022-12-27 10:13:04] [INFO] 		 Starting experiment ENCSR164MUK (type = control).
[2022-12-27 10:13:04] [INFO] Starting target gene SRFBP1:
[2022-12-27 10:13:04] [INFO] 	 Starting Gene Silencing Series ENCSR267PMJ (cell line = HepG2):
[2022-12-27 10:13:06] [INFO] 		 Starting experiment ENCSR153GKS (type = case).
[2022-12-27 10:13:06] [INFO] 		 Starting experiment ENCSR997HCQ (type = control).
[2022-12-27 10:13:06] [INFO] 	 Starting Gene Silencing Series ENCSR895YWO (cell line = K562):
[2022-12-27 10:13:08] [INFO] 		 Starting experiment ENCSR813NZP (type = case).
[2022-12-27 10:13:08] [INFO] 		 Starting experiment ENCSR572FFX (type = control).
[2022-12-27 10:13:08] [INFO] Starting target gene SRP68:
[2022-12-27 10:13:08] [INFO] 	 Starting Gene Silencing Series ENCSR579VHH (cell line = HepG2):
[2022-12-27 10:13:10] [INFO] 		 Starting experiment ENCSR167JPY (type = case).
[2022-12-27 10:13:10] [INFO] 		 Starting experiment ENCSR856ZRV (type = control).
[2022-12-27 10:13:10] [INFO] 	 Starting Gene Silencing Series ENCSR552QKE (cell line = K562):
[2022-12-27 10:13:12] [INFO] 		 Starting experiment ENCSR312SRB (type = case).
[2022-12-27 10:13:12] [INFO] 		 Starting experiment ENCSR661HEL (type = control).
[2022-12-27 10:13:12] [INFO] Starting target gene SRSF1:
[2022-12-27 10:13:12] [INFO] 	 Starting Gene Silencing Series ENCSR308EYX (cell line = HepG2):
[2022-12-27 10:13:14] [INFO] 		 Starting experiment ENCSR094KBY (type = case).
[2022-12-27 10:13:14] [INFO] 		 Starting experiment ENCSR603TCV (type = control).
[2022-12-27 10:13:15] [INFO] 	 Starting Gene Silencing Series ENCSR374CDY (cell line = K562):
[2022-12-27 10:13:16] [INFO] 		 Starting experiment ENCSR066VOO (type = case).
[2022-12-27 10:13:16] [INFO] 		 Starting experiment ENCSR129RWD (type = control).
[2022-12-27 10:13:17] [INFO] Starting target gene SSB:
[2022-12-27 10:13:17] [INFO] 	 Starting Gene Silencing Series ENCSR623QDI (cell line = HepG2):
[2022-12-27 10:13:18] [INFO] 		 Starting experiment ENCSR278CHI (type = case).
[2022-12-27 10:13:19] [INFO] 		 Starting experiment ENCSR997HCQ (type = control).
[2022-12-27 10:13:19] [INFO] 	 Starting Gene Silencing Series ENCSR655TZO (cell line = K562):
[2022-12-27 10:13:20] [INFO] 		 Starting experiment ENCSR891AXF (type = case).
[2022-12-27 10:13:21] [INFO] 		 Starting experiment ENCSR084SCN (type = control).
[2022-12-27 10:13:21] [INFO] Starting target gene SSRP1:
[2022-12-27 10:13:21] [INFO] 	 Starting Gene Silencing Series ENCSR789DBN (cell line = HepG2):
[2022-12-27 10:13:23] [INFO] 		 Starting experiment ENCSR422JMS (type = case).
[2022-12-27 10:13:23] [INFO] 		 Starting experiment ENCSR246RRQ (type = control).
[2022-12-27 10:13:23] [INFO] 	 Starting Gene Silencing Series ENCSR096NLA (cell line = K562):
[2022-12-27 10:13:25] [INFO] 		 Starting experiment ENCSR902WSK (type = case).
[2022-12-27 10:13:25] [INFO] 		 Starting experiment ENCSR032YMP (type = control).
[2022-12-27 10:13:26] [INFO] Starting target gene STAU1:
[2022-12-27 10:13:26] [INFO] 	 Starting Gene Silencing Series ENCSR198NSW (cell line = HepG2):
[2022-12-27 10:13:27] [INFO] 		 Starting experiment ENCSR124KCF (type = case).
[2022-12-27 10:13:27] [INFO] 		 Starting experiment ENCSR067GHD (type = control).
[2022-12-27 10:13:28] [INFO] 	 Starting Gene Silencing Series ENCSR177IMY (cell line = K562):
[2022-12-27 10:13:29] [INFO] 		 Starting experiment ENCSR777EDL (type = case).
[2022-12-27 10:13:29] [INFO] 		 Starting experiment ENCSR032YMP (type = control).
[2022-12-27 10:13:30] [INFO] Starting target gene STIP1:
[2022-12-27 10:13:30] [INFO] 	 Starting Gene Silencing Series ENCSR491IUN (cell line = HepG2):
[2022-12-27 10:13:32] [INFO] 		 Starting experiment ENCSR871BXO (type = case).
[2022-12-27 10:13:32] [INFO] 		 Starting experiment ENCSR279HMU (type = control).
[2022-12-27 10:13:32] [INFO] 	 Starting Gene Silencing Series ENCSR575GJA (cell line = K562):
[2022-12-27 10:13:34] [INFO] 		 Starting experiment ENCSR082UWF (type = case).
[2022-12-27 10:13:34] [INFO] 		 Starting experiment ENCSR419JMU (type = control).
[2022-12-27 10:13:34] [INFO] Starting target gene SUCLG1:
[2022-12-27 10:13:34] [INFO] 	 Starting Gene Silencing Series ENCSR439GMT (cell line = HepG2):
[2022-12-27 10:13:36] [INFO] 		 Starting experiment ENCSR810JYX (type = case).
[2022-12-27 10:13:36] [INFO] 		 Starting experiment ENCSR042QTH (type = control).
[2022-12-27 10:13:37] [INFO] 	 Starting Gene Silencing Series ENCSR341IXU (cell line = K562):
[2022-12-27 10:13:38] [INFO] 		 Starting experiment ENCSR101OPF (type = case).
[2022-12-27 10:13:38] [INFO] 		 Starting experiment ENCSR620PUP (type = control).
[2022-12-27 10:13:39] [INFO] Starting target gene SUGP2:
[2022-12-27 10:13:39] [INFO] 	 Starting Gene Silencing Series ENCSR016FXK (cell line = HepG2):
[2022-12-27 10:13:40] [INFO] 		 Starting experiment ENCSR837QDN (type = case).
[2022-12-27 10:13:41] [INFO] 		 Starting experiment ENCSR246RRQ (type = control).
[2022-12-27 10:13:41] [INFO] 	 Starting Gene Silencing Series ENCSR615MJH (cell line = K562):
[2022-12-27 10:13:43] [INFO] 		 Starting experiment ENCSR192BPV (type = case).
[2022-12-27 10:13:43] [INFO] 		 Starting experiment ENCSR164MUK (type = control).
[2022-12-27 10:13:43] [INFO] Starting target gene SUPV3L1:
[2022-12-27 10:13:43] [INFO] 	 Starting Gene Silencing Series ENCSR283KPR (cell line = HepG2):
[2022-12-27 10:13:45] [INFO] 		 Starting experiment ENCSR995RPB (type = case).
[2022-12-27 10:13:45] [INFO] 		 Starting experiment ENCSR856ZRV (type = control).
[2022-12-27 10:13:46] [INFO] 	 Starting Gene Silencing Series ENCSR835EXX (cell line = K562):
[2022-12-27 10:13:47] [INFO] 		 Starting experiment ENCSR778SIU (type = case).
[2022-12-27 10:13:48] [INFO] 		 Starting experiment ENCSR661HEL (type = control).
[2022-12-27 10:13:48] [INFO] Starting target gene TAF15:
[2022-12-27 10:13:48] [INFO] 	 Starting Gene Silencing Series ENCSR717HRT (cell line = HepG2):
[2022-12-27 10:13:50] [INFO] 		 Starting experiment ENCSR998RZI (type = case).
[2022-12-27 10:13:50] [INFO] 		 Starting experiment ENCSR603TCV (type = control).
[2022-12-27 10:13:50] [INFO] 	 Starting Gene Silencing Series ENCSR262UQP (cell line = K562):
[2022-12-27 10:13:52] [INFO] 		 Starting experiment ENCSR611ZAL (type = case).
[2022-12-27 10:13:52] [INFO] 		 Starting experiment ENCSR344XID (type = control).
[2022-12-27 10:13:52] [INFO] 	 Starting Gene Silencing Series ENCSR490IEW (cell line = K562):
[2022-12-27 10:13:54] [INFO] 		 Starting experiment ENCSR031RZS (type = case).
[2022-12-27 10:13:54] [INFO] 		 Starting experiment ENCSR942UNX (type = control).
[2022-12-27 10:13:54] [INFO] Starting target gene TARDBP:
[2022-12-27 10:13:54] [INFO] 	 Starting Gene Silencing Series ENCSR627GST (cell line = HepG2):
[2022-12-27 10:13:56] [INFO] 		 Starting experiment ENCSR527QNC (type = case).
[2022-12-27 10:13:56] [INFO] 		 Starting experiment ENCSR264TUE (type = control).
[2022-12-27 10:13:56] [INFO] 	 Starting Gene Silencing Series ENCSR630HSM (cell line = K562):
[2022-12-27 10:13:58] [INFO] 		 Starting experiment ENCSR134JRE (type = case).
[2022-12-27 10:13:58] [INFO] 		 Starting experiment ENCSR129RWD (type = control).
[2022-12-27 10:13:58] [INFO] 	 Starting Gene Silencing Series ENCSR641QAZ (cell line = K562):
[2022-12-27 10:14:00] [INFO] 		 Starting experiment ENCSR455TNF (type = case).
[2022-12-27 10:14:00] [INFO] 		 Starting experiment ENCSR372DZW (type = control).
[2022-12-27 10:14:00] [INFO] Starting target gene TBRG4:
[2022-12-27 10:14:00] [INFO] 	 Starting Gene Silencing Series ENCSR330RCO (cell line = HepG2):
[2022-12-27 10:14:02] [INFO] 		 Starting experiment ENCSR741YCA (type = case).
[2022-12-27 10:14:02] [INFO] 		 Starting experiment ENCSR246RRQ (type = control).
[2022-12-27 10:14:02] [INFO] 	 Starting Gene Silencing Series ENCSR645FAT (cell line = K562):
[2022-12-27 10:14:03] [INFO] 		 Starting experiment ENCSR079IPT (type = case).
[2022-12-27 10:14:04] [INFO] 		 Starting experiment ENCSR344XID (type = control).
[2022-12-27 10:14:04] [INFO] Starting target gene TIA1:
[2022-12-27 10:14:04] [INFO] 	 Starting Gene Silencing Series ENCSR817LLK (cell line = HepG2):
[2022-12-27 10:14:05] [INFO] 		 Starting experiment ENCSR057GCF (type = case).
[2022-12-27 10:14:06] [INFO] 		 Starting experiment ENCSR603TCV (type = control).
[2022-12-27 10:14:06] [INFO] 	 Starting Gene Silencing Series ENCSR425NUL (cell line = K562):
[2022-12-27 10:14:08] [INFO] 		 Starting experiment ENCSR694LKY (type = case).
[2022-12-27 10:14:08] [INFO] 		 Starting experiment ENCSR129RWD (type = control).
[2022-12-27 10:14:08] [INFO] Starting target gene TIAL1:
[2022-12-27 10:14:08] [INFO] 	 Starting Gene Silencing Series ENCSR744QNE (cell line = HepG2):
[2022-12-27 10:14:10] [INFO] 		 Starting experiment ENCSR450VQO (type = case).
[2022-12-27 10:14:10] [INFO] 		 Starting experiment ENCSR305XWT (type = control).
[2022-12-27 10:14:10] [INFO] 	 Starting Gene Silencing Series ENCSR101JTW (cell line = K562):
[2022-12-27 10:14:12] [INFO] 		 Starting experiment ENCSR927TSP (type = case).
[2022-12-27 10:14:12] [INFO] 		 Starting experiment ENCSR572FFX (type = control).
[2022-12-27 10:14:12] [INFO] Starting target gene TRIM56:
[2022-12-27 10:14:12] [INFO] 	 Starting Gene Silencing Series ENCSR128QHC (cell line = HepG2):
[2022-12-27 10:14:14] [INFO] 		 Starting experiment ENCSR309HXK (type = case).
[2022-12-27 10:14:14] [INFO] 		 Starting experiment ENCSR305XWT (type = control).
[2022-12-27 10:14:14] [INFO] 	 Starting Gene Silencing Series ENCSR912QQL (cell line = K562):
[2022-12-27 10:14:21] [INFO] 		 Starting experiment ENCSR300QFQ (type = case).
[2022-12-27 10:14:22] [INFO] 		 Starting experiment ENCSR572FFX (type = control).
[2022-12-27 10:14:22] [INFO] Starting target gene TROVE2:
[2022-12-27 10:14:22] [INFO] 	 Starting Gene Silencing Series ENCSR659HFE (cell line = HepG2):
[2022-12-27 10:14:24] [INFO] 		 Starting experiment ENCSR946OFN (type = case).
[2022-12-27 10:14:24] [INFO] 		 Starting experiment ENCSR689PHN (type = control).
[2022-12-27 10:14:24] [INFO] 	 Starting Gene Silencing Series ENCSR383KLQ (cell line = K562):
[2022-12-27 10:14:26] [INFO] 		 Starting experiment ENCSR060KRD (type = case).
[2022-12-27 10:14:26] [INFO] 		 Starting experiment ENCSR092WKG (type = control).
[2022-12-27 10:14:26] [INFO] Starting target gene TUFM:
[2022-12-27 10:14:26] [INFO] 	 Starting Gene Silencing Series ENCSR139HZN (cell line = HepG2):
[2022-12-27 10:14:28] [INFO] 		 Starting experiment ENCSR459EMR (type = case).
[2022-12-27 10:14:28] [INFO] 		 Starting experiment ENCSR042QTH (type = control).
[2022-12-27 10:14:28] [INFO] 	 Starting Gene Silencing Series ENCSR980RTI (cell line = K562):
[2022-12-27 10:14:30] [INFO] 		 Starting experiment ENCSR602AWR (type = case).
[2022-12-27 10:14:30] [INFO] 		 Starting experiment ENCSR620PUP (type = control).
[2022-12-27 10:14:30] [INFO] Starting target gene U2AF1:
[2022-12-27 10:14:30] [INFO] 	 Starting Gene Silencing Series ENCSR054NQG (cell line = HepG2):
[2022-12-27 10:14:32] [INFO] 		 Starting experiment ENCSR372UWV (type = case).
[2022-12-27 10:14:32] [INFO] 		 Starting experiment ENCSR067GHD (type = control).
[2022-12-27 10:14:33] [INFO] 	 Starting Gene Silencing Series ENCSR171NIH (cell line = K562):
[2022-12-27 10:14:34] [INFO] 		 Starting experiment ENCSR342EDG (type = case).
[2022-12-27 10:14:34] [INFO] 		 Starting experiment ENCSR344XID (type = control).
[2022-12-27 10:14:34] [INFO] Starting target gene U2AF2:
[2022-12-27 10:14:34] [INFO] 	 Starting Gene Silencing Series ENCSR914FDC (cell line = HepG2):
[2022-12-27 10:14:36] [INFO] 		 Starting experiment ENCSR426UUG (type = case).
[2022-12-27 10:14:36] [INFO] 		 Starting experiment ENCSR104ABF (type = control).
[2022-12-27 10:14:37] [INFO] 	 Starting Gene Silencing Series ENCSR276OYF (cell line = K562):
[2022-12-27 10:14:38] [INFO] 		 Starting experiment ENCSR904CJQ (type = case).
[2022-12-27 10:14:39] [INFO] 		 Starting experiment ENCSR344XID (type = control).
[2022-12-27 10:14:39] [INFO] Starting target gene UCHL5:
[2022-12-27 10:14:39] [INFO] 	 Starting Gene Silencing Series ENCSR009SJR (cell line = HepG2):
[2022-12-27 10:14:40] [INFO] 		 Starting experiment ENCSR684HTV (type = case).
[2022-12-27 10:14:41] [INFO] 		 Starting experiment ENCSR856ZRV (type = control).
[2022-12-27 10:14:41] [INFO] 	 Starting Gene Silencing Series ENCSR759TWA (cell line = K562):
[2022-12-27 10:14:43] [INFO] 		 Starting experiment ENCSR678MVE (type = case).
[2022-12-27 10:14:43] [INFO] 		 Starting experiment ENCSR661HEL (type = control).
[2022-12-27 10:14:43] [INFO] Starting target gene UTP18:
[2022-12-27 10:14:43] [INFO] 	 Starting Gene Silencing Series ENCSR692NPV (cell line = HepG2):
[2022-12-27 10:14:45] [INFO] 		 Starting experiment ENCSR269ZAO (type = case).
[2022-12-27 10:14:45] [INFO] 		 Starting experiment ENCSR691IVR (type = control).
[2022-12-27 10:14:45] [INFO] 	 Starting Gene Silencing Series ENCSR398PSO (cell line = K562):
[2022-12-27 10:14:47] [INFO] 		 Starting experiment ENCSR165VBD (type = case).
[2022-12-27 10:14:47] [INFO] 		 Starting experiment ENCSR143COQ (type = control).
[2022-12-27 10:14:47] [INFO] Starting target gene UTP3:
[2022-12-27 10:14:48] [INFO] 	 Starting Gene Silencing Series ENCSR750ISF (cell line = HepG2):
[2022-12-27 10:14:49] [INFO] 		 Starting experiment ENCSR910ECL (type = case).
[2022-12-27 10:14:49] [INFO] 		 Starting experiment ENCSR691IVR (type = control).
[2022-12-27 10:14:50] [INFO] 	 Starting Gene Silencing Series ENCSR084HQG (cell line = K562):
[2022-12-27 10:14:51] [INFO] 		 Starting experiment ENCSR473KFO (type = case).
[2022-12-27 10:14:51] [INFO] 		 Starting experiment ENCSR655JYC (type = control).
[2022-12-27 10:14:51] [INFO] Starting target gene WDR3:
[2022-12-27 10:14:51] [INFO] 	 Starting Gene Silencing Series ENCSR398UWJ (cell line = HepG2):
[2022-12-27 10:14:52] [INFO] 		 Starting experiment ENCSR902VPO (type = case).
[2022-12-27 10:14:53] [INFO] 		 Starting experiment ENCSR225PRV (type = control).
[2022-12-27 10:14:53] [INFO] 	 Starting Gene Silencing Series ENCSR850PEM (cell line = K562):
[2022-12-27 10:14:55] [INFO] 		 Starting experiment ENCSR334BTA (type = case).
[2022-12-27 10:14:55] [INFO] 		 Starting experiment ENCSR174OYC (type = control).
[2022-12-27 10:14:55] [INFO] Starting target gene XPO1:
[2022-12-27 10:14:55] [INFO] 	 Starting Gene Silencing Series ENCSR807REK (cell line = HepG2):
[2022-12-27 10:14:56] [INFO] 		 Starting experiment ENCSR438UOT (type = case).
[2022-12-27 10:14:56] [WARN] 			 No RIN found. Defaulted to NA.
[2022-12-27 10:14:56] [INFO] 		 Starting experiment ENCSR225PRV (type = control).
[2022-12-27 10:14:57] [INFO] 	 Starting Gene Silencing Series ENCSR587VGW (cell line = K562):
[2022-12-27 10:14:58] [INFO] 		 Starting experiment ENCSR629XTS (type = case).
[2022-12-27 10:14:58] [INFO] 		 Starting experiment ENCSR260BQC (type = control).
[2022-12-27 10:14:58] [INFO] Starting target gene XPO5:
[2022-12-27 10:14:58] [INFO] 	 Starting Gene Silencing Series ENCSR879UEK (cell line = HepG2):
[2022-12-27 10:15:00] [INFO] 		 Starting experiment ENCSR778RWJ (type = case).
[2022-12-27 10:15:00] [INFO] 		 Starting experiment ENCSR279HMU (type = control).
[2022-12-27 10:15:01] [INFO] 	 Starting Gene Silencing Series ENCSR562QHN (cell line = K562):
[2022-12-27 10:15:02] [INFO] 		 Starting experiment ENCSR453HKS (type = case).
[2022-12-27 10:15:02] [INFO] 		 Starting experiment ENCSR164MUK (type = control).
[2022-12-27 10:15:03] [INFO] Starting target gene XRN1:
[2022-12-27 10:15:03] [INFO] 	 Starting Gene Silencing Series ENCSR786TDX (cell line = HepG2):
[2022-12-27 10:15:04] [INFO] 		 Starting experiment ENCSR676SDU (type = case).
[2022-12-27 10:15:04] [INFO] 		 Starting experiment ENCSR225PRV (type = control).
[2022-12-27 10:15:04] [INFO] 	 Starting Gene Silencing Series ENCSR375PNW (cell line = K562):
[2022-12-27 10:15:05] [INFO] 		 Starting experiment ENCSR949RMX (type = case).
[2022-12-27 10:15:05] [INFO] 		 Starting experiment ENCSR260BQC (type = control).
[2022-12-27 10:15:06] [INFO] Starting target gene YBX3:
[2022-12-27 10:15:06] [INFO] 	 Starting Gene Silencing Series ENCSR996HAN (cell line = HepG2):
[2022-12-27 10:15:07] [INFO] 		 Starting experiment ENCSR494VSD (type = case).
[2022-12-27 10:15:08] [INFO] 		 Starting experiment ENCSR305XWT (type = control).
[2022-12-27 10:15:08] [INFO] 	 Starting Gene Silencing Series ENCSR571TRS (cell line = K562):
[2022-12-27 10:15:10] [INFO] 		 Starting experiment ENCSR306EIU (type = case).
[2022-12-27 10:15:10] [INFO] 		 Starting experiment ENCSR667PLJ (type = control).
[2022-12-27 10:15:10] [INFO] Starting target gene YTHDC2:
[2022-12-27 10:15:10] [INFO] 	 Starting Gene Silencing Series ENCSR542FEC (cell line = HepG2):
[2022-12-27 10:15:11] [INFO] 		 Starting experiment ENCSR289HOV (type = case).
[2022-12-27 10:15:12] [INFO] 		 Starting experiment ENCSR225PRV (type = control).
[2022-12-27 10:15:12] [INFO] 	 Starting Gene Silencing Series ENCSR355AGS (cell line = K562):
[2022-12-27 10:15:14] [INFO] 		 Starting experiment ENCSR843LYF (type = case).
[2022-12-27 10:15:14] [INFO] 		 Starting experiment ENCSR164MUK (type = control).
[2022-12-27 10:15:14] [INFO] Starting target gene ZRANB2:
[2022-12-27 10:15:14] [INFO] 	 Starting Gene Silencing Series ENCSR663OZZ (cell line = HepG2):
[2022-12-27 10:15:16] [INFO] 		 Starting experiment ENCSR081QQH (type = case).
[2022-12-27 10:15:16] [INFO] 		 Starting experiment ENCSR491FOC (type = control).
[2022-12-27 10:15:16] [INFO] 	 Starting Gene Silencing Series ENCSR148OZB (cell line = K562):
[2022-12-27 10:15:18] [INFO] 		 Starting experiment ENCSR850PWM (type = case).
[2022-12-27 10:15:18] [INFO] 		 Starting experiment ENCSR815CVQ (type = control).
