[2023-01-01 08:22:08] [WARN] No PUF60 (ENSG00000274081) gene found in: RBPs/PUF60/case/ENCFF790PVL.tsv
[2023-01-01 08:22:09] [WARN] No PUF60 (ENSG00000274081) gene found in: RBPs/PUF60/case/ENCFF932EPG.tsv
[2023-01-01 08:22:09] [WARN] No PUF60 (ENSG00000274081) gene found in: RBPs/PUF60/control/ENCFF448TCG.tsv
[2023-01-01 08:22:10] [WARN] No PUF60 (ENSG00000274081) gene found in: RBPs/PUF60/control/ENCFF398YUO.tsv
[2023-01-01 08:22:11] [WARN] No PUF60 (ENSG00000274081) gene found in: RBPs/PUF60/case/ENCFF461EMF.tsv
[2023-01-01 08:22:11] [WARN] No PUF60 (ENSG00000274081) gene found in: RBPs/PUF60/case/ENCFF682SFK.tsv
[2023-01-01 08:22:12] [WARN] No PUF60 (ENSG00000274081) gene found in: RBPs/PUF60/control/ENCFF585BAL.tsv
[2023-01-01 08:22:13] [WARN] No PUF60 (ENSG00000274081) gene found in: RBPs/PUF60/control/ENCFF643OYR.tsv
[2023-01-01 08:22:46] [WARN] No SMN1 (ENSG00000275349) gene found in: RBPs/SMN1/case/ENCFF725YNY.tsv
[2023-01-01 08:22:47] [WARN] No SMN1 (ENSG00000275349) gene found in: RBPs/SMN1/case/ENCFF040SQK.tsv
[2023-01-01 08:22:47] [WARN] No SMN1 (ENSG00000275349) gene found in: RBPs/SMN1/control/ENCFF570CRU.tsv
[2023-01-01 08:22:48] [WARN] No SMN1 (ENSG00000275349) gene found in: RBPs/SMN1/control/ENCFF505VMT.tsv
[2023-01-01 08:22:49] [WARN] No SMN1 (ENSG00000275349) gene found in: RBPs/SMN1/case/ENCFF085XGT.tsv
[2023-01-01 08:22:50] [WARN] No SMN1 (ENSG00000275349) gene found in: RBPs/SMN1/case/ENCFF956IBS.tsv
[2023-01-01 08:22:50] [WARN] No SMN1 (ENSG00000275349) gene found in: RBPs/SMN1/control/ENCFF459KUS.tsv
[2023-01-01 08:22:51] [WARN] No SMN1 (ENSG00000275349) gene found in: RBPs/SMN1/control/ENCFF240MKR.tsv
[2023-01-01 08:32:15] [WARN] No PUF60 (ENSG00000274081) gene found in: RBPs/PUF60/case/ENCFF790PVL.tsv
[2023-01-01 08:32:15] [WARN] No PUF60 (ENSG00000274081) gene found in: RBPs/PUF60/case/ENCFF932EPG.tsv
[2023-01-01 08:32:16] [WARN] No PUF60 (ENSG00000274081) gene found in: RBPs/PUF60/control/ENCFF448TCG.tsv
[2023-01-01 08:32:17] [WARN] No PUF60 (ENSG00000274081) gene found in: RBPs/PUF60/control/ENCFF398YUO.tsv
[2023-01-01 08:32:18] [WARN] No PUF60 (ENSG00000274081) gene found in: RBPs/PUF60/case/ENCFF461EMF.tsv
[2023-01-01 08:32:19] [WARN] No PUF60 (ENSG00000274081) gene found in: RBPs/PUF60/case/ENCFF682SFK.tsv
[2023-01-01 08:32:20] [WARN] No PUF60 (ENSG00000274081) gene found in: RBPs/PUF60/control/ENCFF585BAL.tsv
[2023-01-01 08:32:21] [WARN] No PUF60 (ENSG00000274081) gene found in: RBPs/PUF60/control/ENCFF643OYR.tsv
[2023-01-01 08:32:59] [WARN] No SMN1 (ENSG00000275349) gene found in: RBPs/SMN1/case/ENCFF725YNY.tsv
[2023-01-01 08:33:00] [WARN] No SMN1 (ENSG00000275349) gene found in: RBPs/SMN1/case/ENCFF040SQK.tsv
[2023-01-01 08:33:01] [WARN] No SMN1 (ENSG00000275349) gene found in: RBPs/SMN1/control/ENCFF570CRU.tsv
[2023-01-01 08:33:02] [WARN] No SMN1 (ENSG00000275349) gene found in: RBPs/SMN1/control/ENCFF505VMT.tsv
[2023-01-01 08:33:02] [WARN] No SMN1 (ENSG00000275349) gene found in: RBPs/SMN1/case/ENCFF085XGT.tsv
[2023-01-01 08:33:03] [WARN] No SMN1 (ENSG00000275349) gene found in: RBPs/SMN1/case/ENCFF956IBS.tsv
[2023-01-01 08:33:04] [WARN] No SMN1 (ENSG00000275349) gene found in: RBPs/SMN1/control/ENCFF459KUS.tsv
[2023-01-01 08:33:05] [WARN] No SMN1 (ENSG00000275349) gene found in: RBPs/SMN1/control/ENCFF240MKR.tsv
